#
# A fatal error has been detected by the Java Runtime Environment:
#
#  EXCEPTION_ACCESS_VIOLATION (0xc0000005) at pc=0x0000017a58752ac0, pid=16180, tid=0x0000000000006b28
#
# JRE version: Java(TM) SE Runtime Environment (8.0_321-b07) (build 1.8.0_321-b07)
# Java VM: Java HotSpot(TM) 64-Bit Server VM (25.321-b07 mixed mode windows-amd64 compressed oops)
# Problematic frame:
# C  0x0000017a58752ac0
#
# Failed to write core dump. Minidumps are not enabled by default on client versions of Windows
#
# If you would like to submit a bug report, please visit:
#   http://bugreport.java.com/bugreport/crash.jsp
#

---------------  T H R E A D  ---------------

Current thread (0x0000017a58756000):  JavaThread "C2 CompilerThread0" daemon [_thread_in_vm, id=27432, stack(0x0000003fb0600000,0x0000003fb0700000)]

siginfo: ExceptionCode=0xc0000005, ExceptionInformation=0x0000000000000008 0x0000017a58752ac0

Registers:
RAX=0x0000017a58753000, RBX=0x0000017a3b254280, RCX=0x0000017a58745cf0, RDX=0x0000000000000000
RSP=0x0000003fb06fe7d8, RBP=0x000000000000020f, RSI=0x0000017a58745cf0, RDI=0x0000017a58756000
R8 =0x0000003fb06fe738, R9 =0x000000000000020f, R10=0x0000000000000000, R11=0x0000000000000246
R12=0x0000017a5874dab0, R13=0x0000017a58590d70, R14=0x0000017a5858ff70, R15=0x0000017a58756000
RIP=0x0000017a58752ac0, EFLAGS=0x0000000000010297

Top of Stack: (sp=0x0000003fb06fe7d8)
0x0000003fb06fe7d8:   0000000070dbbab1 0000017a3b254280
0x0000003fb06fe7e8:   0000017a58745cf0 000000000000020f
0x0000003fb06fe7f8:   0000000000000000 0000003fb06fe808
0x0000003fb06fe808:   0000000000000006 0000000000000000
0x0000003fb06fe818:   0000000000000000 0000000000000000
0x0000003fb06fe828:   0000000000000000 0000000000000000
0x0000003fb06fe838:   000000000000020f 0000017a5874cef0
0x0000003fb06fe848:   0000017a5874db90 0000017a5874dbe0
0x0000003fb06fe858:   0000017a587970e0 0000000000000000
0x0000003fb06fe868:   0000000000000000 0000000000000000
0x0000003fb06fe878:   0000000000000000 0000000000000000
0x0000003fb06fe888:   0000000000000000 0000000000000000
0x0000003fb06fe898:   0000000100000000 0000000000000000
0x0000003fb06fe8a8:   0000017a587840f0 0000017a587841b0
0x0000003fb06fe8b8:   0000000000000000 0000000000000000
0x0000003fb06fe8c8:   0000000000000000 0000000000000000 

Instructions: (pc=0x0000017a58752ac0)
0x0000017a58752aa0:   2f 6e 61 73 68 6f 72 6e 2f 69 6e 74 65 72 6e 61
0x0000017a58752ab0:   6c 2f 72 75 6e 74 69 6d 95 8b 1b d0 ea 57 23 08
0x0000017a58752ac0:   50 01 1f 3b 7a 01 00 00 90 94 68 58 7a 01 00 00
0x0000017a58752ad0:   01 02 14 00 14 00 08 08 08 00 cd 5b 8f 53 a0 73 


Register to memory mapping:

RAX=0x0000017a58753000 is a thread
RBX=0x0000017a3b254280 is an unknown value
RCX=0x0000017a58745cf0 is an unknown value
RDX=0x0000000000000000 is an unknown value
RSP=0x0000003fb06fe7d8 is pointing into the stack for thread: 0x0000017a58756000
RBP=0x000000000000020f is an unknown value
RSI=0x0000017a58745cf0 is an unknown value
RDI=0x0000017a58756000 is a thread
R8 =0x0000003fb06fe738 is pointing into the stack for thread: 0x0000017a58756000
R9 =0x000000000000020f is an unknown value
R10=0x0000000000000000 is an unknown value
R11=0x0000000000000246 is an unknown value
R12=0x0000017a5874dab0 is an unknown value
R13=0x0000017a58590d70 is an unknown value
R14=0x0000017a5858ff70 is an unknown value
R15=0x0000017a58756000 is a thread


Stack: [0x0000003fb0600000,0x0000003fb0700000],  sp=0x0000003fb06fe7d8,  free space=1017k
Native frames: (J=compiled Java code, j=interpreted, Vv=VM code, C=native code)
C  0x0000017a58752ac0


---------------  P R O C E S S  ---------------

Java Threads: ( => current thread )
  0x0000017a58837000 JavaThread "Service Thread" daemon [_thread_blocked, id=25924, stack(0x0000003fb0a00000,0x0000003fb0b00000)]
  0x0000017a58767000 JavaThread "C1 CompilerThread3" daemon [_thread_blocked, id=15060, stack(0x0000003fb0900000,0x0000003fb0a00000)]
  0x0000017a58762000 JavaThread "C2 CompilerThread2" daemon [_thread_in_vm, id=20508, stack(0x0000003fb0800000,0x0000003fb0900000)]
  0x0000017a58757000 JavaThread "C2 CompilerThread1" daemon [_thread_in_vm, id=33752, stack(0x0000003fb0700000,0x0000003fb0800000)]
=>0x0000017a58756000 JavaThread "C2 CompilerThread0" daemon [_thread_in_vm, id=27432, stack(0x0000003fb0600000,0x0000003fb0700000)]
  0x0000017a58753000 JavaThread "Thread-1" daemon [_thread_in_native, id=27992, stack(0x0000003fb0500000,0x0000003fb0600000)]
  0x0000017a5874c000 JavaThread "Thread-0" daemon [_thread_in_native, id=32444, stack(0x0000003fb0400000,0x0000003fb0500000)]
  0x0000017a5858e000 JavaThread "Monitor Ctrl-Break" daemon [_thread_in_native, id=1920, stack(0x0000003fb0300000,0x0000003fb0400000)]
  0x0000017a56985800 JavaThread "Attach Listener" daemon [_thread_blocked, id=8752, stack(0x0000003fb0200000,0x0000003fb0300000)]
  0x0000017a58540800 JavaThread "Signal Dispatcher" daemon [_thread_blocked, id=16712, stack(0x0000003fb0100000,0x0000003fb0200000)]
  0x0000017a3b2ed800 JavaThread "Finalizer" daemon [_thread_blocked, id=15844, stack(0x0000003fb0000000,0x0000003fb0100000)]
  0x0000017a3b2ec000 JavaThread "Reference Handler" daemon [_thread_blocked, id=32692, stack(0x0000003faff00000,0x0000003fb0000000)]
  0x0000017a3b256000 JavaThread "main" [_thread_in_vm, id=33228, stack(0x0000003faf500000,0x0000003faf600000)]

Other Threads:
  0x0000017a568e2000 VMThread [stack: 0x0000003fafe00000,0x0000003faff00000] [id=14392]

VM state:not at safepoint (normal execution)

VM Mutex/Monitor currently owned by a thread: None

heap address: 0x00000006c3600000, size: 4042 MB, Compressed Oops mode: Zero based, Oop shift amount: 3
Narrow klass base: 0x0000000000000000, Narrow klass shift: 3
Compressed class space size: 1073741824 Address: 0x00000007c0000000

Heap:
 PSYoungGen      total 75776K, used 6510K [0x000000076bd00000, 0x0000000771180000, 0x00000007c0000000)
  eden space 65024K, 10% used [0x000000076bd00000,0x000000076c35b8e8,0x000000076fc80000)
  from space 10752K, 0% used [0x0000000770700000,0x0000000770700000,0x0000000771180000)
  to   space 10752K, 0% used [0x000000076fc80000,0x000000076fc80000,0x0000000770700000)
 ParOldGen       total 173568K, used 0K [0x00000006c3600000, 0x00000006cdf80000, 0x000000076bd00000)
  object space 173568K, 0% used [0x00000006c3600000,0x00000006c3600000,0x00000006cdf80000)
 Metaspace       used 3258K, capacity 4494K, committed 4864K, reserved 1056768K
  class space    used 355K, capacity 386K, committed 512K, reserved 1048576K

Card table byte_map: [0x0000017a4c8e0000,0x0000017a4d0d0000] byte_map_base: 0x0000017a492c5000

Marking Bits: (ParMarkBitMap*) 0x00000000714f9030
 Begin Bits: [0x0000017a4d620000, 0x0000017a51548000)
 End Bits:   [0x0000017a51548000, 0x0000017a55470000)

Polling page: 0x0000017a3b4a0000

CodeCache: size=245760Kb used=1091Kb max_used=1091Kb free=244668Kb
 bounds [0x0000017a3d520000, 0x0000017a3d790000, 0x0000017a4c520000]
 total_blobs=260 nmethods=3 adapters=171
 compilation: enabled

Compilation events (2 events):
Event: 0.200 Thread 0x0000017a58767000    1       3       java.lang.StringBuilder::append (8 bytes)
Event: 0.201 Thread 0x0000017a58767000 nmethod 1 0x0000017a3d625d50 code [0x0000017a3d625ec0, 0x0000017a3d626050]

GC Heap History (0 events):
No events

Deoptimization events (0 events):
No events

Classes redefined (0 events):
No events

Internal exceptions (5 events):
Event: 0.045 Thread 0x0000017a3b256000 Exception <a 'java/lang/NoSuchMethodError': Method sun.misc.Unsafe.defineClass(Ljava/lang/String;[BII)Ljava/lang/Class; name or signature does not match> (0x000000076bd07cc0) thrown at [C:\jenkins\workspace\8-2-build-windows-amd64-cygwin\jdk8u321\2141\hot
Event: 0.045 Thread 0x0000017a3b256000 Exception <a 'java/lang/NoSuchMethodError': Method sun.misc.Unsafe.prefetchRead(Ljava/lang/Object;J)V name or signature does not match> (0x000000076bd07fa8) thrown at [C:\jenkins\workspace\8-2-build-windows-amd64-cygwin\jdk8u321\2141\hotspot\src\share\vm\
Event: 0.151 Thread 0x0000017a3b256000 Exception <a 'java/lang/NoClassDefFoundError': jdk/internal/loader/NativeLibraries> (0x000000076be5d638) thrown at [C:\jenkins\workspace\8-2-build-windows-amd64-cygwin\jdk8u321\2141\hotspot\src\share\vm\classfile\systemDictionary.cpp, line 201]
Event: 0.152 Thread 0x0000017a3b256000 Exception <a 'java/lang/NoSuchMethodError': load0> (0x000000076be5da98) thrown at [C:\jenkins\workspace\8-2-build-windows-amd64-cygwin\jdk8u321\2141\hotspot\src\share\vm\prims\jni.cpp, line 1615]
Event: 0.152 Thread 0x0000017a3b256000 Exception <a 'java/lang/NoClassDefFoundError': jdk/internal/vm/VMSupport> (0x000000076be60480) thrown at [C:\jenkins\workspace\8-2-build-windows-amd64-cygwin\jdk8u321\2141\hotspot\src\share\vm\classfile\systemDictionary.cpp, line 201]

Events (10 events):
Event: 0.197 Thread 0x0000017a58762000 Thread added: 0x0000017a58762000
Event: 0.197 Thread 0x0000017a58767000 Thread added: 0x0000017a58767000
Event: 0.197 loading class java/lang/invoke/MethodHandleImpl
Event: 0.199 loading class java/lang/invoke/MethodHandleImpl done
Event: 0.199 loading class java/lang/invoke/MethodHandleImpl$1
Event: 0.199 loading class java/lang/invoke/MethodHandleImpl$1 done
Event: 0.200 loading class java/lang/invoke/MethodHandleImpl$2
Event: 0.200 loading class java/util/function/Function
Event: 0.201 loading class java/util/function/Function done
Event: 0.201 loading class java/lang/invoke/MethodHandleImpl$2 done


Dynamic libraries:
0x00007ff7548c0000 - 0x00007ff754907000 	C:\Program Files\Java\jdk1.8.0_321\bin\java.exe
0x00007ffbf8dd0000 - 0x00007ffbf8fc5000 	C:\WINDOWS\SYSTEM32\ntdll.dll
0x00007ffbf7670000 - 0x00007ffbf772e000 	C:\WINDOWS\System32\KERNEL32.DLL
0x00007ffbf6990000 - 0x00007ffbf6c58000 	C:\WINDOWS\System32\KERNELBASE.dll
0x00007ffbf86d0000 - 0x00007ffbf877e000 	C:\WINDOWS\System32\ADVAPI32.dll
0x00007ffbf74a0000 - 0x00007ffbf753e000 	C:\WINDOWS\System32\msvcrt.dll
0x00007ffbf8450000 - 0x00007ffbf84ec000 	C:\WINDOWS\System32\sechost.dll
0x00007ffbf88d0000 - 0x00007ffbf89f5000 	C:\WINDOWS\System32\RPCRT4.dll
0x00007ffbf7730000 - 0x00007ffbf78d0000 	C:\WINDOWS\System32\USER32.dll
0x00007ffbf68d0000 - 0x00007ffbf68f2000 	C:\WINDOWS\System32\win32u.dll
0x00007ffbf86a0000 - 0x00007ffbf86cb000 	C:\WINDOWS\System32\GDI32.dll
0x00007ffbf6cd0000 - 0x00007ffbf6ddb000 	C:\WINDOWS\System32\gdi32full.dll
0x00007ffbf6520000 - 0x00007ffbf65bd000 	C:\WINDOWS\System32\msvcp_win.dll
0x00007ffbf65c0000 - 0x00007ffbf66c0000 	C:\WINDOWS\System32\ucrtbase.dll
0x00007ffbd0220000 - 0x00007ffbd04ba000 	C:\WINDOWS\WinSxS\amd64_microsoft.windows.common-controls_6595b64144ccf1df_6.0.19041.1110_none_60b5254171f9507e\COMCTL32.dll
0x00007ffbf8d60000 - 0x00007ffbf8d90000 	C:\WINDOWS\System32\IMM32.DLL
0x00007ffbecd60000 - 0x00007ffbecd75000 	C:\Program Files\Java\jdk1.8.0_321\jre\bin\vcruntime140.dll
0x00007ffbb9680000 - 0x00007ffbb971b000 	C:\Program Files\Java\jdk1.8.0_321\jre\bin\msvcp140.dll
0x0000000070d10000 - 0x0000000071571000 	C:\Program Files\Java\jdk1.8.0_321\jre\bin\server\jvm.dll
0x00007ffbf6e30000 - 0x00007ffbf6e38000 	C:\WINDOWS\System32\PSAPI.DLL
0x00007ffbd2580000 - 0x00007ffbd25a7000 	C:\WINDOWS\SYSTEM32\WINMM.dll
0x00007ffbe01d0000 - 0x00007ffbe01d9000 	C:\WINDOWS\SYSTEM32\WSOCK32.dll
0x00007ffbec660000 - 0x00007ffbec66a000 	C:\WINDOWS\SYSTEM32\VERSION.dll
0x00007ffbf8290000 - 0x00007ffbf82fb000 	C:\WINDOWS\System32\WS2_32.dll
0x00007ffbf4d90000 - 0x00007ffbf4da2000 	C:\WINDOWS\SYSTEM32\kernel.appcore.dll
0x00007ffbf1fc0000 - 0x00007ffbf1fd0000 	C:\Program Files\Java\jdk1.8.0_321\jre\bin\verify.dll
0x00007ffbeccb0000 - 0x00007ffbeccdb000 	C:\Program Files\Java\jdk1.8.0_321\jre\bin\java.dll
0x00007ffbca7c0000 - 0x00007ffbca7f0000 	C:\Program Files\Java\jdk1.8.0_321\jre\bin\instrument.dll
0x00007ffbb93b0000 - 0x00007ffbb943f000 	C:\Users\guoyan\AppData\Local\Temp\libasyncProfiler.dll
0x00007ffbf7540000 - 0x00007ffbf766a000 	C:\WINDOWS\System32\ole32.dll
0x00007ffbf8a00000 - 0x00007ffbf8d54000 	C:\WINDOWS\System32\combase.dll
0x00007ffbf8800000 - 0x00007ffbf88cd000 	C:\WINDOWS\System32\OLEAUT32.dll
0x00007ffbf8780000 - 0x00007ffbf87d5000 	C:\WINDOWS\System32\SHLWAPI.dll
0x00007ffbecc90000 - 0x00007ffbecca8000 	C:\Program Files\Java\jdk1.8.0_321\jre\bin\zip.dll
0x00007ffbf7ae0000 - 0x00007ffbf8224000 	C:\WINDOWS\System32\SHELL32.dll
0x00007ffbf44f0000 - 0x00007ffbf4c84000 	C:\WINDOWS\SYSTEM32\windows.storage.dll
0x00007ffbf5f50000 - 0x00007ffbf5f7c000 	C:\WINDOWS\SYSTEM32\Wldp.dll
0x00007ffbf8300000 - 0x00007ffbf83ad000 	C:\WINDOWS\System32\SHCORE.dll
0x00007ffbf6430000 - 0x00007ffbf644f000 	C:\WINDOWS\SYSTEM32\profapi.dll
0x00007ffbcd3b0000 - 0x00007ffbcd3ca000 	E:\IntelliJ IDEA 2021.3.2\bin\breakgen64.dll
0x00007ffbecc60000 - 0x00007ffbecc7c000 	C:\Program Files\Java\jdk1.8.0_321\jre\bin\net.dll
0x00007ffbf5cb0000 - 0x00007ffbf5d1a000 	C:\WINDOWS\system32\mswsock.dll
0x00007ffb93600000 - 0x00007ffb93773000 	C:\Users\guoyan\AppData\Local\Temp\idea_msdia140_dll_temp_folder\msdia140.dll
0x00007ffbf4300000 - 0x00007ffbf44e4000 	C:\WINDOWS\SYSTEM32\dbghelp.dll
0x00007ffbf6900000 - 0x00007ffbf6982000 	C:\WINDOWS\System32\bcryptPrimitives.dll

VM Arguments:
jvm_args: -javaagent:E:\IntelliJ IDEA 2021.3.2\lib\idea_rt.jar=55937:E:\IntelliJ IDEA 2021.3.2\bin -agentpath:C:\Users\guoyan\AppData\Local\Temp\libasyncProfiler.dll=start,jfr,libdia=C:\Users\guoyan\AppData\Local\Temp\idea_msdia140_dll_temp_folder\msdia140.dll,interval=1ms,file=C:\Users\guoyan\MainClass_2022_04_25_220104.jfr -Dfile.encoding=UTF-8 
java_command: MainClass
java_class_path (initial): C:\Program Files\Java\jdk1.8.0_321\jre\lib\charsets.jar;C:\Program Files\Java\jdk1.8.0_321\jre\lib\deploy.jar;C:\Program Files\Java\jdk1.8.0_321\jre\lib\ext\access-bridge-64.jar;C:\Program Files\Java\jdk1.8.0_321\jre\lib\ext\cldrdata.jar;C:\Program Files\Java\jdk1.8.0_321\jre\lib\ext\dnsns.jar;C:\Program Files\Java\jdk1.8.0_321\jre\lib\ext\jaccess.jar;C:\Program Files\Java\jdk1.8.0_321\jre\lib\ext\jfxrt.jar;C:\Program Files\Java\jdk1.8.0_321\jre\lib\ext\localedata.jar;C:\Program Files\Java\jdk1.8.0_321\jre\lib\ext\nashorn.jar;C:\Program Files\Java\jdk1.8.0_321\jre\lib\ext\sunec.jar;C:\Program Files\Java\jdk1.8.0_321\jre\lib\ext\sunjce_provider.jar;C:\Program Files\Java\jdk1.8.0_321\jre\lib\ext\sunmscapi.jar;C:\Program Files\Java\jdk1.8.0_321\jre\lib\ext\sunpkcs11.jar;C:\Program Files\Java\jdk1.8.0_321\jre\lib\ext\zipfs.jar;C:\Program Files\Java\jdk1.8.0_321\jre\lib\javaws.jar;C:\Program Files\Java\jdk1.8.0_321\jre\lib\jce.jar;C:\Program Files\Java\jdk1.8.0_321\jre\lib\jfr.jar;C:\Program Files\Java\jdk1.8.0_321\jre\lib\jfxswt.jar;C:\Program Files\Java\jdk1.8.0_321\jre\lib\jsse.jar;C:\Program Files\Java\jdk1.8.0_321\jre\lib\management-agent.jar;C:\Program Files\Java\jdk1.8.0_321\jre\lib\plugin.jar;C:\Program Files\Java\jdk1.8.0_321\jre\lib\resources.jar;C:\Program Files\Java\jdk1.8.0_321\jre\lib\rt.jar;F:\RyanKuo\Study_At_School\Homework\ObjectOriented\homework2_3\out\production\homework2_3;F:\RyanKuo\Study_At_School\Homework\ObjectOriented\Unit2\面向对象第二单元第三次作业官方包\elevator-input-3.jar;F:\RyanKuo\Study_At_School\Homework\ObjectOriented\Unit2\面向对象第二单元第三次作业官方包\timable-output.jar;E:\IntelliJ IDEA 2021.3.2\lib\idea_rt.jar
Launcher Type: SUN_STANDARD

Environment Variables:
JAVA_HOME=C:\Program Files\Java\jdk1.8.0_321
CLASSPATH=.;C:\Program Files\Java\jdk1.8.0_321\lib;C:\Program Files\Java\jdk1.8.0_321\lib\dt.jar;C:\Program Files\Java\jdk1.8.0_321\lib\tools.jar;
PATH=C:\Program Files\PlasticSCM5\server;C:\Program Files\PlasticSCM5\client;C:\Program Files\Java\jdk1.8.0_321\bin;C:\Program Files\Java\jdk1.8.0_321\jre\bin;C:\Program Files (x86)\Common Files\Oracle\Java\javapath;C:\Program Files (x86)\VMware\VMware Player\bin\;C:\Program Files (x86)\Common Files\Intel\Shared Libraries\redist\intel64\compiler;C:\windows\system32;C:\windows;C:\windows\System32\Wbem;C:\windows\System32\WindowsPowerShell\v1.0\;C:\windows\System32\OpenSSH\;C:\Program Files (x86)\NVIDIA Corporation\PhysX\Common;C:\Program Files\NVIDIA Corporation\NVIDIA NvDLISR;C:\Program Files\Microsoft SQL Server\Client SDK\ODBC\110\Tools\Binn\;C:\Program Files (x86)\Microsoft SQL Server\120\Tools\Binn\;C:\Program Files\Microsoft SQL Server\120\Tools\Binn\;C:\Program Files\Microsoft SQL Server\120\DTS\Binn\;C:\Program Files (x86)\Windows Kits\8.1\Windows Performance Toolkit\;C:\WINDOWS\system32;C:\WINDOWS;C:\WINDOWS\System32\Wbem;C:\WINDOWS\System32\WindowsPowerShell\v1.0\;C:\WINDOWS\System32\OpenSSH\;D:\runtime\win64;D:\bin;D:\polyspace\bin;E:\Git\cmd;C:\Program Files (x86)\GtkSharp\2.12\bin;C:\Users\guoyan\AppData\Local\Microsoft\WindowsApps;C:\Users\guoyan\AppData\Local\atom\bin;D:\mingw64\bin;C:\Users\guoyan\AppData\Local\Microsoft\WindowsApps;D:\mingw64\bin;C:\Users\guoyan\.dotnet\tools;;E:\IntelliJ IDEA 2021.3.2\bin;;E:\PyCharm 2021.3.2\bin;
USERNAME=guoyan
OS=Windows_NT
PROCESSOR_IDENTIFIER=Intel64 Family 6 Model 126 Stepping 5, GenuineIntel



---------------  S Y S T E M  ---------------

OS: Windows 10 , 64 bit Build 19041 (10.0.19041.1566)

CPU:total 8 (initial active 8) (4 cores per cpu, 2 threads per core) family 6 model 126 stepping 5, cmov, cx8, fxsr, mmx, sse, sse2, sse3, ssse3, sse4.1, sse4.2, popcnt, avx, avx2, aes, clmul, erms, 3dnowpref, lzcnt, ht, tsc, tscinvbit, bmi1, bmi2, adx

Memory: 4k page, physical 16553776k(3389176k free), swap 31758128k(5255656k free)

vm_info: Java HotSpot(TM) 64-Bit Server VM (25.321-b07) for windows-amd64 JRE (1.8.0_321-b07), built on Dec 15 2021 11:19:20 by "java_re" with MS VC++ 15.9 (VS2017)

time: Mon Apr 25 22:01:07 2022
timezone: 中国标准时间
elapsed time: 0.219549 seconds (0d 0h 0m 0s)

