#
# A fatal error has been detected by the Java Runtime Environment:
#
#  EXCEPTION_ACCESS_VIOLATION (0xc0000005) at pc=0x00000000712f88f8, pid=26560, tid=0x00000000000052a0
#
# JRE version: Java(TM) SE Runtime Environment (8.0_321-b07) (build 1.8.0_321-b07)
# Java VM: Java HotSpot(TM) 64-Bit Server VM (25.321-b07 mixed mode windows-amd64 compressed oops)
# Problematic frame:
# V  [jvm.dll+0x5e88f8]
#
# Failed to write core dump. Minidumps are not enabled by default on client versions of Windows
#
# If you would like to submit a bug report, please visit:
#   http://bugreport.java.com/bugreport/crash.jsp
#

---------------  T H R E A D  ---------------

Current thread (0x000001a8ac8d3800):  WatcherThread [stack: 0x000000a062000000,0x000000a062100000] [id=21152]

siginfo: ExceptionCode=0xc0000005, ExceptionInformation=0x0000000000000008 0x00000000712f88f8

Registers:
RAX=0x000001a8ac7f5000, RBX=0x000001a88f1b4630, RCX=0x000001a8ac808f00, RDX=0x0000000000001388
RSP=0x000000a0620ff5e8, RBP=0x0000000000000002, RSI=0x00000000714eb9a0, RDI=0x0000000000000000
R8 =0x0000000000001358, R9 =0x000000007ffe8000, R10=0x00000000546c6148, R11=0x000001ac906a7743
R12=0x0000000000000000, R13=0x000001a8ac8d3800, R14=0x0000000000000030, R15=0x000001a8ac89e2a0
RIP=0x00000000712f88f8, EFLAGS=0x0000000000010246

Top of Stack: (sp=0x000000a0620ff5e8)
0x000000a0620ff5e8:   0000000070f46add 000001a88f1b4630
0x000000a0620ff5f8:   0000000070f1e325 000001a88f1b4630
0x000000a0620ff608:   0000000000000000 000001a8ac89e2a0
0x000000a0620ff618:   0001ae713cab0290 000001a88f1b4630
0x000000a0620ff628:   0000000070f4e8a2 0000000000000001
0x000000a0620ff638:   0000000000000030 0000000000000030
0x000000a0620ff648:   0000000000000002 0000000000000000
0x000000a0620ff658:   0000000000000000 0000000000000000
0x000000a0620ff668:   0000000000000000 0000000000000000
0x000000a0620ff678:   0000000000000000 0000000000000000
0x000000a0620ff688:   0000000000000000 0000000000000000
0x000000a0620ff698:   0000000000000000 000001a8ac8d3800
0x000000a0620ff6a8:   0000000070fa2edc 000001a8ac8d3800
0x000000a0620ff6b8:   000000a0620ff850 0000000000000000
0x000000a0620ff6c8:   0000000000000000 0000000000000000
0x000000a0620ff6d8:   0000000000000000 0000000000000000 

Instructions: (pc=0x00000000712f88f8)
0x00000000712f88d8:   56 4d 20 50 65 72 69 6f 64 69 63 20 54 61 73 6b
0x00000000712f88e8:   20 54 68 72 65 61 64 00 20 ee 3c 71 00 00 00 00
0x00000000712f88f8:   20 49 d1 70 00 00 00 00 10 78 f4 70 00 00 00 00
0x00000000712f8908:   50 e5 f4 70 00 00 00 00 10 9c d1 70 00 00 00 00 


Register to memory mapping:

RAX=0x000001a8ac7f5000 is a thread
RBX=0x000001a88f1b4630 is an unknown value
RCX=0x000001a8ac808f00 is an unknown value
RDX=0x0000000000001388 is an unknown value
RSP=0x000000a0620ff5e8 is an unknown value
RBP=0x0000000000000002 is an unknown value
RSI=0x00000000714eb9a0 is an unknown value
RDI=0x0000000000000000 is an unknown value
R8 =0x0000000000001358 is an unknown value
R9 =0x000000007ffe8000 is an unknown value
R10=0x00000000546c6148 is an unknown value
R11=0x000001ac906a7743 is an unknown value
R12=0x0000000000000000 is an unknown value
R13=0x000001a8ac8d3800 is an unknown value
R14=0x0000000000000030 is an unknown value
R15=0x000001a8ac89e2a0 is an unknown value


Stack: [0x000000a062000000,0x000000a062100000],  sp=0x000000a0620ff5e8,  free space=1021k
Native frames: (J=compiled Java code, j=interpreted, Vv=VM code, C=native code)
V  [jvm.dll+0x5e88f8]


---------------  P R O C E S S  ---------------

Java Threads: ( => current thread )
  0x000001a8acc2b000 JavaThread "Thread-11" [_thread_blocked, id=17552, stack(0x000000a062a00000,0x000000a062b00000)]
  0x000001a8acc27000 JavaThread "Timer-0" [_thread_blocked, id=6172, stack(0x000000a062900000,0x000000a062a00000)]
  0x000001a88f1b8000 JavaThread "DestroyJavaVM" [_thread_blocked, id=28504, stack(0x000000a060a00000,0x000000a060b00000)]
  0x000001a8acc07000 JavaThread "Thread-8" [_thread_blocked, id=25632, stack(0x000000a062700000,0x000000a062800000)]
  0x000001a8acbf6000 JavaThread "Thread-7" [_thread_blocked, id=28132, stack(0x000000a062600000,0x000000a062700000)]
  0x000001a8ac9c3800 JavaThread "Thread-6" [_thread_blocked, id=2204, stack(0x000000a062500000,0x000000a062600000)]
  0x000001a8ac9bb000 JavaThread "Thread-5" [_thread_blocked, id=28016, stack(0x000000a062400000,0x000000a062500000)]
  0x000001a8ac9b9000 JavaThread "Thread-4" [_thread_blocked, id=25472, stack(0x000000a062300000,0x000000a062400000)]
  0x000001a8ac9b8000 JavaThread "Thread-3" [_thread_blocked, id=16352, stack(0x000000a062200000,0x000000a062300000)]
  0x000001a8ac9b5800 JavaThread "Thread-2" [_thread_blocked, id=17944, stack(0x000000a062100000,0x000000a062200000)]
  0x000001a8ac8a4800 JavaThread "Service Thread" daemon [_thread_blocked, id=10000, stack(0x000000a061f00000,0x000000a062000000)]
  0x000001a8ac80b800 JavaThread "C1 CompilerThread3" daemon [_thread_blocked, id=24032, stack(0x000000a061e00000,0x000000a061f00000)]
  0x000001a8ac800000 JavaThread "C2 CompilerThread2" daemon [_thread_blocked, id=19748, stack(0x000000a061d00000,0x000000a061e00000)]
  0x000001a8ac7fd000 JavaThread "C2 CompilerThread1" daemon [_thread_blocked, id=28280, stack(0x000000a061c00000,0x000000a061d00000)]
  0x000001a8ac7fc000 JavaThread "C2 CompilerThread0" daemon [_thread_blocked, id=14204, stack(0x000000a061b00000,0x000000a061c00000)]
  0x000001a8ac7f8000 JavaThread "Thread-1" daemon [_thread_in_native, id=14388, stack(0x000000a061a00000,0x000000a061b00000)]
  0x000001a8ac7f5000 JavaThread "Thread-0" daemon [_thread_in_native, id=19768, stack(0x000000a061900000,0x000000a061a00000)]
  0x000001a8ac63d800 JavaThread "Monitor Ctrl-Break" daemon [_thread_in_native, id=23980, stack(0x000000a061800000,0x000000a061900000)]
  0x000001a8aa9fb000 JavaThread "Attach Listener" daemon [_thread_blocked, id=16692, stack(0x000000a061700000,0x000000a061800000)]
  0x000001a8aa9e8800 JavaThread "Signal Dispatcher" daemon [_thread_blocked, id=12468, stack(0x000000a061600000,0x000000a061700000)]
  0x000001a8aa9b6800 JavaThread "Finalizer" daemon [_thread_blocked, id=25296, stack(0x000000a061500000,0x000000a061600000)]
  0x000001a8aa9a9800 JavaThread "Reference Handler" daemon [_thread_blocked, id=3484, stack(0x000000a061400000,0x000000a061500000)]

Other Threads:
  0x000001a8aa97f800 VMThread [stack: 0x000000a061300000,0x000000a061400000] [id=22608]
=>0x000001a8ac8d3800 WatcherThread [stack: 0x000000a062000000,0x000000a062100000] [id=21152]

VM state:not at safepoint (normal execution)

VM Mutex/Monitor currently owned by a thread:  ([mutex/lock_event])
[0x000001a88f1b4630] PeriodicTask_lock - owner thread: 0x000001a8ac8d3800

heap address: 0x00000006c3600000, size: 4042 MB, Compressed Oops mode: Zero based, Oop shift amount: 3
Narrow klass base: 0x0000000000000000, Narrow klass shift: 3
Compressed class space size: 1073741824 Address: 0x00000007c0000000

Heap:
 PSYoungGen      total 75776K, used 22116K [0x000000076bd00000, 0x0000000771180000, 0x00000007c0000000)
  eden space 65024K, 34% used [0x000000076bd00000,0x000000076d2992b0,0x000000076fc80000)
  from space 10752K, 0% used [0x0000000770700000,0x0000000770700000,0x0000000771180000)
  to   space 10752K, 0% used [0x000000076fc80000,0x000000076fc80000,0x0000000770700000)
 ParOldGen       total 173568K, used 0K [0x00000006c3600000, 0x00000006cdf80000, 0x000000076bd00000)
  object space 173568K, 0% used [0x00000006c3600000,0x00000006c3600000,0x00000006cdf80000)
 Metaspace       used 4606K, capacity 4842K, committed 4992K, reserved 1056768K
  class space    used 506K, capacity 530K, committed 640K, reserved 1048576K

Card table byte_map: [0x000001a8a09c0000,0x000001a8a11b0000] byte_map_base: 0x000001a89d3a5000

Marking Bits: (ParMarkBitMap*) 0x00000000714f9030
 Begin Bits: [0x000001a8a1700000, 0x000001a8a5628000)
 End Bits:   [0x000001a8a5628000, 0x000001a8a9550000)

Polling page: 0x000001a88f300000

CodeCache: size=245760Kb used=1475Kb max_used=1475Kb free=244284Kb
 bounds [0x000001a891600000, 0x000001a891870000, 0x000001a8a0600000]
 total_blobs=458 nmethods=168 adapters=203
 compilation: enabled

Compilation events (10 events):
Event: 1.696 Thread 0x000001a8ac80b800  164       3       java.util.regex.Pattern$Node::<init> (12 bytes)
Event: 1.696 Thread 0x000001a8ac80b800 nmethod 164 0x000001a89176e710 code [0x000001a89176e880, 0x000001a89176ea58]
Event: 3.497 Thread 0x000001a8ac80b800  165       1       java.util.Formatter$Flags::valueOf (5 bytes)
Event: 3.497 Thread 0x000001a8ac80b800 nmethod 165 0x000001a89176eb50 code [0x000001a89176eca0, 0x000001a89176edb8]
Event: 4.780 Thread 0x000001a8ac80b800  166       3       java.nio.Buffer::limit (53 bytes)
Event: 4.780 Thread 0x000001a8ac80b800 nmethod 166 0x000001a89176ee50 code [0x000001a89176efc0, 0x000001a89176f2d0]
Event: 4.780 Thread 0x000001a8ac80b800  167       3       java.util.regex.Pattern$BmpCharProperty::match (50 bytes)
Event: 4.781 Thread 0x000001a8ac80b800 nmethod 167 0x000001a89176f4d0 code [0x000001a89176f660, 0x000001a89176fb30]
Event: 5.181 Thread 0x000001a8ac80b800  168       3       java.util.concurrent.ConcurrentHashMap::get (162 bytes)
Event: 5.181 Thread 0x000001a8ac80b800 nmethod 168 0x000001a89176fd90 code [0x000001a89176ffa0, 0x000001a891770b40]

GC Heap History (0 events):
No events

Deoptimization events (0 events):
No events

Classes redefined (0 events):
No events

Internal exceptions (9 events):
Event: 0.035 Thread 0x000001a88f1b8000 Exception <a 'java/lang/NoSuchMethodError': Method sun.misc.Unsafe.defineClass(Ljava/lang/String;[BII)Ljava/lang/Class; name or signature does not match> (0x000000076bd07cc0) thrown at [C:\jenkins\workspace\8-2-build-windows-amd64-cygwin\jdk8u321\2141\hot
Event: 0.035 Thread 0x000001a88f1b8000 Exception <a 'java/lang/NoSuchMethodError': Method sun.misc.Unsafe.prefetchRead(Ljava/lang/Object;J)V name or signature does not match> (0x000000076bd07fa8) thrown at [C:\jenkins\workspace\8-2-build-windows-amd64-cygwin\jdk8u321\2141\hotspot\src\share\vm\
Event: 0.129 Thread 0x000001a88f1b8000 Exception <a 'java/lang/NoClassDefFoundError': jdk/internal/loader/NativeLibraries> (0x000000076be5d638) thrown at [C:\jenkins\workspace\8-2-build-windows-amd64-cygwin\jdk8u321\2141\hotspot\src\share\vm\classfile\systemDictionary.cpp, line 201]
Event: 0.129 Thread 0x000001a88f1b8000 Exception <a 'java/lang/NoSuchMethodError': load0> (0x000000076be5da98) thrown at [C:\jenkins\workspace\8-2-build-windows-amd64-cygwin\jdk8u321\2141\hotspot\src\share\vm\prims\jni.cpp, line 1615]
Event: 0.131 Thread 0x000001a88f1b8000 Exception <a 'java/lang/NoClassDefFoundError': jdk/internal/vm/VMSupport> (0x000000076be60480) thrown at [C:\jenkins\workspace\8-2-build-windows-amd64-cygwin\jdk8u321\2141\hotspot\src\share\vm\classfile\systemDictionary.cpp, line 201]
Event: 0.227 Thread 0x000001a88f1b8000 Exception <a 'java/security/PrivilegedActionException'> (0x000000076beef7c8) thrown at [C:\jenkins\workspace\8-2-build-windows-amd64-cygwin\jdk8u321\2141\hotspot\src\share\vm\prims\jvm.cpp, line 1523]
Event: 0.227 Thread 0x000001a88f1b8000 Exception <a 'java/security/PrivilegedActionException'> (0x000000076beefbc0) thrown at [C:\jenkins\workspace\8-2-build-windows-amd64-cygwin\jdk8u321\2141\hotspot\src\share\vm\prims\jvm.cpp, line 1523]
Event: 0.228 Thread 0x000001a88f1b8000 Exception <a 'java/security/PrivilegedActionException'> (0x000000076bef3d90) thrown at [C:\jenkins\workspace\8-2-build-windows-amd64-cygwin\jdk8u321\2141\hotspot\src\share\vm\prims\jvm.cpp, line 1523]
Event: 0.228 Thread 0x000001a88f1b8000 Exception <a 'java/security/PrivilegedActionException'> (0x000000076bef4188) thrown at [C:\jenkins\workspace\8-2-build-windows-amd64-cygwin\jdk8u321\2141\hotspot\src\share\vm\prims\jvm.cpp, line 1523]

Events (10 events):
Event: 1.689 loading class java/math/BigInteger
Event: 1.690 loading class java/math/BigInteger done
Event: 1.694 loading class Passenger
Event: 1.694 loading class Passenger done
Event: 1.695 Thread 0x000001a8acc2b000 Thread added: 0x000001a8acc2b000
Event: 1.969 Thread 0x000001a8acc1a800 Thread exited: 0x000001a8acc1a800
Event: 2.295 loading class SafeOut
Event: 2.295 loading class SafeOut done
Event: 4.237 Executing VM operation: EnableBiasedLocking
Event: 4.237 Executing VM operation: EnableBiasedLocking done


Dynamic libraries:
0x00007ff7548c0000 - 0x00007ff754907000 	C:\Program Files\Java\jdk1.8.0_321\bin\java.exe
0x00007ffbf8dd0000 - 0x00007ffbf8fc5000 	C:\WINDOWS\SYSTEM32\ntdll.dll
0x00007ffbf7670000 - 0x00007ffbf772e000 	C:\WINDOWS\System32\KERNEL32.DLL
0x00007ffbf6990000 - 0x00007ffbf6c58000 	C:\WINDOWS\System32\KERNELBASE.dll
0x00007ffbf86d0000 - 0x00007ffbf877e000 	C:\WINDOWS\System32\ADVAPI32.dll
0x00007ffbf74a0000 - 0x00007ffbf753e000 	C:\WINDOWS\System32\msvcrt.dll
0x00007ffbf8450000 - 0x00007ffbf84ec000 	C:\WINDOWS\System32\sechost.dll
0x00007ffbf88d0000 - 0x00007ffbf89f5000 	C:\WINDOWS\System32\RPCRT4.dll
0x00007ffbf7730000 - 0x00007ffbf78d0000 	C:\WINDOWS\System32\USER32.dll
0x00007ffbf68d0000 - 0x00007ffbf68f2000 	C:\WINDOWS\System32\win32u.dll
0x00007ffbf86a0000 - 0x00007ffbf86cb000 	C:\WINDOWS\System32\GDI32.dll
0x00007ffbf6cd0000 - 0x00007ffbf6ddb000 	C:\WINDOWS\System32\gdi32full.dll
0x00007ffbf6520000 - 0x00007ffbf65bd000 	C:\WINDOWS\System32\msvcp_win.dll
0x00007ffbf65c0000 - 0x00007ffbf66c0000 	C:\WINDOWS\System32\ucrtbase.dll
0x00007ffbd0220000 - 0x00007ffbd04ba000 	C:\WINDOWS\WinSxS\amd64_microsoft.windows.common-controls_6595b64144ccf1df_6.0.19041.1110_none_60b5254171f9507e\COMCTL32.dll
0x00007ffbf8d60000 - 0x00007ffbf8d90000 	C:\WINDOWS\System32\IMM32.DLL
0x00007ffbecd80000 - 0x00007ffbecd95000 	C:\Program Files\Java\jdk1.8.0_321\jre\bin\vcruntime140.dll
0x00007ffbc5be0000 - 0x00007ffbc5c7b000 	C:\Program Files\Java\jdk1.8.0_321\jre\bin\msvcp140.dll
0x0000000070d10000 - 0x0000000071571000 	C:\Program Files\Java\jdk1.8.0_321\jre\bin\server\jvm.dll
0x00007ffbf6e30000 - 0x00007ffbf6e38000 	C:\WINDOWS\System32\PSAPI.DLL
0x00007ffbe01d0000 - 0x00007ffbe01d9000 	C:\WINDOWS\SYSTEM32\WSOCK32.dll
0x00007ffbf8290000 - 0x00007ffbf82fb000 	C:\WINDOWS\System32\WS2_32.dll
0x00007ffbec660000 - 0x00007ffbec66a000 	C:\WINDOWS\SYSTEM32\VERSION.dll
0x00007ffbd2580000 - 0x00007ffbd25a7000 	C:\WINDOWS\SYSTEM32\WINMM.dll
0x00007ffbf4d90000 - 0x00007ffbf4da2000 	C:\WINDOWS\SYSTEM32\kernel.appcore.dll
0x00007ffbf1fc0000 - 0x00007ffbf1fd0000 	C:\Program Files\Java\jdk1.8.0_321\jre\bin\verify.dll
0x00007ffbeccb0000 - 0x00007ffbeccdb000 	C:\Program Files\Java\jdk1.8.0_321\jre\bin\java.dll
0x00007ffbde790000 - 0x00007ffbde7c0000 	C:\Program Files\Java\jdk1.8.0_321\jre\bin\instrument.dll
0x00007ffbbb590000 - 0x00007ffbbb61f000 	C:\Users\guoyan\AppData\Local\Temp\libasyncProfiler.dll
0x00007ffbf7540000 - 0x00007ffbf766a000 	C:\WINDOWS\System32\ole32.dll
0x00007ffbf8a00000 - 0x00007ffbf8d54000 	C:\WINDOWS\System32\combase.dll
0x00007ffbf8800000 - 0x00007ffbf88cd000 	C:\WINDOWS\System32\OLEAUT32.dll
0x00007ffbf8780000 - 0x00007ffbf87d5000 	C:\WINDOWS\System32\SHLWAPI.dll
0x00007ffbecd60000 - 0x00007ffbecd78000 	C:\Program Files\Java\jdk1.8.0_321\jre\bin\zip.dll
0x00007ffbf7ae0000 - 0x00007ffbf8224000 	C:\WINDOWS\System32\SHELL32.dll
0x00007ffbf44f0000 - 0x00007ffbf4c84000 	C:\WINDOWS\SYSTEM32\windows.storage.dll
0x00007ffbf5f50000 - 0x00007ffbf5f7c000 	C:\WINDOWS\SYSTEM32\Wldp.dll
0x00007ffbf8300000 - 0x00007ffbf83ad000 	C:\WINDOWS\System32\SHCORE.dll
0x00007ffbf6430000 - 0x00007ffbf644f000 	C:\WINDOWS\SYSTEM32\profapi.dll
0x00007ffbecba0000 - 0x00007ffbecbba000 	E:\IntelliJ IDEA 2021.3.2\bin\breakgen64.dll
0x00007ffbecc90000 - 0x00007ffbeccac000 	C:\Program Files\Java\jdk1.8.0_321\jre\bin\net.dll
0x00007ffbf5cb0000 - 0x00007ffbf5d1a000 	C:\WINDOWS\system32\mswsock.dll
0x00007ffbb9720000 - 0x00007ffbb9893000 	C:\Users\guoyan\AppData\Local\Temp\idea_msdia140_dll_temp_folder\msdia140.dll
0x00007ffbf4300000 - 0x00007ffbf44e4000 	C:\WINDOWS\SYSTEM32\dbghelp.dll
0x00007ffbf6900000 - 0x00007ffbf6982000 	C:\WINDOWS\System32\bcryptPrimitives.dll

VM Arguments:
jvm_args: -javaagent:E:\IntelliJ IDEA 2021.3.2\lib\idea_rt.jar=64543:E:\IntelliJ IDEA 2021.3.2\bin -agentpath:C:\Users\guoyan\AppData\Local\Temp\libasyncProfiler.dll=start,jfr,libdia=C:\Users\guoyan\AppData\Local\Temp\idea_msdia140_dll_temp_folder\msdia140.dll,interval=1ms,file=C:\Users\guoyan\MainClass_2022_04_23_024611.jfr -Dfile.encoding=UTF-8 
java_command: MainClass
java_class_path (initial): C:\Program Files\Java\jdk1.8.0_321\jre\lib\charsets.jar;C:\Program Files\Java\jdk1.8.0_321\jre\lib\deploy.jar;C:\Program Files\Java\jdk1.8.0_321\jre\lib\ext\access-bridge-64.jar;C:\Program Files\Java\jdk1.8.0_321\jre\lib\ext\cldrdata.jar;C:\Program Files\Java\jdk1.8.0_321\jre\lib\ext\dnsns.jar;C:\Program Files\Java\jdk1.8.0_321\jre\lib\ext\jaccess.jar;C:\Program Files\Java\jdk1.8.0_321\jre\lib\ext\jfxrt.jar;C:\Program Files\Java\jdk1.8.0_321\jre\lib\ext\localedata.jar;C:\Program Files\Java\jdk1.8.0_321\jre\lib\ext\nashorn.jar;C:\Program Files\Java\jdk1.8.0_321\jre\lib\ext\sunec.jar;C:\Program Files\Java\jdk1.8.0_321\jre\lib\ext\sunjce_provider.jar;C:\Program Files\Java\jdk1.8.0_321\jre\lib\ext\sunmscapi.jar;C:\Program Files\Java\jdk1.8.0_321\jre\lib\ext\sunpkcs11.jar;C:\Program Files\Java\jdk1.8.0_321\jre\lib\ext\zipfs.jar;C:\Program Files\Java\jdk1.8.0_321\jre\lib\javaws.jar;C:\Program Files\Java\jdk1.8.0_321\jre\lib\jce.jar;C:\Program Files\Java\jdk1.8.0_321\jre\lib\jfr.jar;C:\Program Files\Java\jdk1.8.0_321\jre\lib\jfxswt.jar;C:\Program Files\Java\jdk1.8.0_321\jre\lib\jsse.jar;C:\Program Files\Java\jdk1.8.0_321\jre\lib\management-agent.jar;C:\Program Files\Java\jdk1.8.0_321\jre\lib\plugin.jar;C:\Program Files\Java\jdk1.8.0_321\jre\lib\resources.jar;C:\Program Files\Java\jdk1.8.0_321\jre\lib\rt.jar;F:\RyanKuo\Study_At_School\Homework\ObjectOriented\homework2_3\out\production\homework2_3;F:\RyanKuo\Study_At_School\Homework\ObjectOriented\Unit2\面向对象第二单元第三次作业官方包\elevator-input-3.jar;F:\RyanKuo\Study_At_School\Homework\ObjectOriented\Unit2\面向对象第二单元第三次作业官方包\timable-output.jar;E:\IntelliJ IDEA 2021.3.2\lib\idea_rt.jar
Launcher Type: SUN_STANDARD

Environment Variables:
JAVA_HOME=C:\Program Files\Java\jdk1.8.0_321
CLASSPATH=.;C:\Program Files\Java\jdk1.8.0_321\lib;C:\Program Files\Java\jdk1.8.0_321\lib\dt.jar;C:\Program Files\Java\jdk1.8.0_321\lib\tools.jar;
PATH=C:\Program Files\PlasticSCM5\server;C:\Program Files\PlasticSCM5\client;C:\Program Files\Java\jdk1.8.0_321\bin;C:\Program Files\Java\jdk1.8.0_321\jre\bin;C:\Program Files (x86)\Common Files\Oracle\Java\javapath;C:\Program Files (x86)\VMware\VMware Player\bin\;C:\Program Files (x86)\Common Files\Intel\Shared Libraries\redist\intel64\compiler;C:\windows\system32;C:\windows;C:\windows\System32\Wbem;C:\windows\System32\WindowsPowerShell\v1.0\;C:\windows\System32\OpenSSH\;C:\Program Files (x86)\NVIDIA Corporation\PhysX\Common;C:\Program Files\NVIDIA Corporation\NVIDIA NvDLISR;C:\Program Files\Microsoft SQL Server\Client SDK\ODBC\110\Tools\Binn\;C:\Program Files (x86)\Microsoft SQL Server\120\Tools\Binn\;C:\Program Files\Microsoft SQL Server\120\Tools\Binn\;C:\Program Files\Microsoft SQL Server\120\DTS\Binn\;C:\Program Files (x86)\Windows Kits\8.1\Windows Performance Toolkit\;C:\WINDOWS\system32;C:\WINDOWS;C:\WINDOWS\System32\Wbem;C:\WINDOWS\System32\WindowsPowerShell\v1.0\;C:\WINDOWS\System32\OpenSSH\;D:\runtime\win64;D:\bin;D:\polyspace\bin;E:\Git\cmd;C:\Program Files (x86)\GtkSharp\2.12\bin;C:\Users\guoyan\AppData\Local\Microsoft\WindowsApps;C:\Users\guoyan\AppData\Local\atom\bin;D:\mingw64\bin;C:\Users\guoyan\AppData\Local\Microsoft\WindowsApps;D:\mingw64\bin;C:\Users\guoyan\.dotnet\tools;;E:\IntelliJ IDEA 2021.3.2\bin;;E:\PyCharm 2021.3.2\bin;
USERNAME=guoyan
OS=Windows_NT
PROCESSOR_IDENTIFIER=Intel64 Family 6 Model 126 Stepping 5, GenuineIntel



---------------  S Y S T E M  ---------------

OS: Windows 10 , 64 bit Build 19041 (10.0.19041.1566)

CPU:total 8 (initial active 8) (4 cores per cpu, 2 threads per core) family 6 model 126 stepping 5, cmov, cx8, fxsr, mmx, sse, sse2, sse3, ssse3, sse4.1, sse4.2, popcnt, avx, avx2, aes, clmul, erms, 3dnowpref, lzcnt, ht, tsc, tscinvbit, bmi1, bmi2, adx

Memory: 4k page, physical 16553776k(4678516k free), swap 31758128k(6288808k free)

vm_info: Java HotSpot(TM) 64-Bit Server VM (25.321-b07) for windows-amd64 JRE (1.8.0_321-b07), built on Dec 15 2021 11:19:20 by "java_re" with MS VC++ 15.9 (VS2017)

time: Sat Apr 23 02:46:18 2022
timezone: 中国标准时间
elapsed time: 5.258286 seconds (0d 0h 0m 5s)

