#
# A fatal error has been detected by the Java Runtime Environment:
#
#  EXCEPTION_ACCESS_VIOLATION (0xc0000005) at pc=0x0000000070dba001, pid=2324, tid=0x0000000000006888
#
# JRE version: Java(TM) SE Runtime Environment (8.0_321-b07) (build 1.8.0_321-b07)
# Java VM: Java HotSpot(TM) 64-Bit Server VM (25.321-b07 mixed mode windows-amd64 compressed oops)
# Problematic frame:
# V  [jvm.dll+0xaa001]
#
# Failed to write core dump. Minidumps are not enabled by default on client versions of Windows
#
# If you would like to submit a bug report, please visit:
#   http://bugreport.java.com/bugreport/crash.jsp
#

---------------  T H R E A D  ---------------

Current thread (0x00000233098a6800):  JavaThread "main" [_thread_in_vm, id=26760, stack(0x00000056b6700000,0x00000056b6800000)]

siginfo: ExceptionCode=0xc0000005, reading address 0xffffffffffffffff

Registers:
RAX=0x00000056b67fd560, RBX=0x0000023326df9800, RCX=0x0000023326df7600, RDX=0x00000056b67fd560
RSP=0x00000056b67fd4e0, RBP=0x00000056b67fd5c1, RSI=0x0000023326df7600, RDI=0x00000056b67fd660
R8 =0x0000000000000016, R9 =0x00000056b67fd650, R10=0x0000023309886e20, R11=0x00000233243c89c0
R12=0x00000000ffffffff, R13=0x0000000000000003, R14=0x00000000ffffffff, R15=0x00000056b67fd650
RIP=0x0000000070dba001, EFLAGS=0x0000000000010202

Top of Stack: (sp=0x00000056b67fd4e0)
0x00000056b67fd4e0:   00000233243c89c0 00000233098a6800
0x00000056b67fd4f0:   00000007c0056348 0000000070dd79ca
0x00000056b67fd500:   00000233243c89c0 00000233098a6800
0x00000056b67fd510:   0000023324617600 00000233098a6800
0x00000056b67fd520:   00000007c000dd08 0000000070ddd2b9
0x00000056b67fd530:   00000007c000dd08 0000000070f3ff7b
0x00000056b67fd540:   0000000000000000 00000007c0056348
0x00000056b67fd550:   000072db93ef6dfd 0000000000000000
0x00000056b67fd560:   00000233243c89c0 00000233098a6800
0x00000056b67fd570:   00000056b67fd6f0 00000233098a6800
0x00000056b67fd580:   00000233243c89c0 00000233098a6800
0x00000056b67fd590:   00000233098a6800 0000000070efe937
0x00000056b67fd5a0:   fffffffffffffffe 00000233243c89c0
0x00000056b67fd5b0:   00000007c000dd08 0000000070da7231
0x00000056b67fd5c0:   0000000000000000 0000000000000000
0x00000056b67fd5d0:   00000056b67fd630 0000000070effe2a 

Instructions: (pc=0x0000000070dba001)
0x0000000070db9fe1:   71 00 48 85 f6 0f 84 bf 02 00 00 48 8b 1e 48 8d
0x0000000070db9ff1:   4d 9f 48 8b d7 e8 05 9d f8 ff 48 8b d0 48 8b ce
0x0000000070dba001:   ff 53 18 84 c0 0f 84 9f 02 00 00 48 8b d7 48 8d
0x0000000070dba011:   4d af e8 e8 9c f8 ff 48 8b c8 45 8b c5 41 8b d4 


Register to memory mapping:

RAX=0x00000056b67fd560 is pointing into the stack for thread: 0x00000233098a6800
RBX=0x0000023326df9800 is a thread
RCX=0x0000023326df7600 is an unknown value
RDX=0x00000056b67fd560 is pointing into the stack for thread: 0x00000233098a6800
RSP=0x00000056b67fd4e0 is pointing into the stack for thread: 0x00000233098a6800
RBP=0x00000056b67fd5c1 is pointing into the stack for thread: 0x00000233098a6800
RSI=0x0000023326df7600 is an unknown value
RDI=0x00000056b67fd660 is pointing into the stack for thread: 0x00000233098a6800
R8 =0x0000000000000016 is an unknown value
R9 =0x00000056b67fd650 is pointing into the stack for thread: 0x00000233098a6800
R10=0x0000023309886e20 is an unknown value
R11={method} {0x00000233243c89c8} 'append' '(Ljava/lang/String;)Ljava/lang/StringBuilder;' in 'java/lang/StringBuilder'
R12=0x00000000ffffffff is an unknown value
R13=0x0000000000000003 is an unknown value
R14=0x00000000ffffffff is an unknown value
R15=0x00000056b67fd650 is pointing into the stack for thread: 0x00000233098a6800


Stack: [0x00000056b6700000,0x00000056b6800000],  sp=0x00000056b67fd4e0,  free space=1013k
Native frames: (J=compiled Java code, j=interpreted, Vv=VM code, C=native code)
V  [jvm.dll+0xaa001]
V  [jvm.dll+0x1efd63]
V  [jvm.dll+0x2306cd]
V  [jvm.dll+0x1ef512]
V  [jvm.dll+0x2307ed]
V  [jvm.dll+0xc1176]
V  [jvm.dll+0xc0f95]
C  0x000002330bbd4e8a

Java frames: (J=compiled Java code, j=interpreted, Vv=VM code)
j  java.lang.StringBuilder.append(Ljava/lang/String;)Ljava/lang/StringBuilder;+0
j  java.lang.invoke.MethodHandleImpl$1.run()Ljava/lang/Void;+17
j  java.lang.invoke.MethodHandleImpl$1.run()Ljava/lang/Object;+1
v  ~StubRoutines::call_stub
j  java.security.AccessController.doPrivileged(Ljava/security/PrivilegedAction;)Ljava/lang/Object;+0
j  java.lang.invoke.MethodHandleImpl.<clinit>()V+38
v  ~StubRoutines::call_stub
j  java.lang.invoke.MethodHandle.<clinit>()V+16
v  ~StubRoutines::call_stub

---------------  P R O C E S S  ---------------

Java Threads: ( => current thread )
  0x0000023326e15000 JavaThread "C1 CompilerThread3" daemon [_thread_blocked, id=21644, stack(0x00000056b7b00000,0x00000056b7c00000)]
  0x0000023326e07000 JavaThread "C2 CompilerThread2" daemon [_thread_blocked, id=28136, stack(0x00000056b7a00000,0x00000056b7b00000)]
  0x0000023326e04800 JavaThread "C2 CompilerThread1" daemon [_thread_blocked, id=20700, stack(0x00000056b7900000,0x00000056b7a00000)]
  0x0000023326e03800 JavaThread "C2 CompilerThread0" daemon [_thread_blocked, id=11556, stack(0x00000056b7800000,0x00000056b7900000)]
  0x0000023326e00800 JavaThread "Thread-1" daemon [_thread_in_native, id=21404, stack(0x00000056b7700000,0x00000056b7800000)]
  0x0000023326df9800 JavaThread "Thread-0" daemon [_thread_in_native, id=10000, stack(0x00000056b7600000,0x00000056b7700000)]
  0x0000023326c37000 JavaThread "Monitor Ctrl-Break" daemon [_thread_in_native, id=15920, stack(0x00000056b7500000,0x00000056b7600000)]
  0x0000023325024800 JavaThread "Attach Listener" daemon [_thread_blocked, id=26180, stack(0x00000056b7400000,0x00000056b7500000)]
  0x0000023326be8800 JavaThread "Signal Dispatcher" daemon [_thread_blocked, id=28132, stack(0x00000056b7300000,0x00000056b7400000)]
  0x000002330993d800 JavaThread "Finalizer" daemon [_thread_blocked, id=28584, stack(0x00000056b7200000,0x00000056b7300000)]
  0x000002330993c000 JavaThread "Reference Handler" daemon [_thread_blocked, id=7416, stack(0x00000056b7100000,0x00000056b7200000)]
=>0x00000233098a6800 JavaThread "main" [_thread_in_vm, id=26760, stack(0x00000056b6700000,0x00000056b6800000)]

Other Threads:
  0x0000023309937800 VMThread [stack: 0x00000056b7000000,0x00000056b7100000] [id=21488]

VM state:not at safepoint (normal execution)

VM Mutex/Monitor currently owned by a thread: None

heap address: 0x00000006c3600000, size: 4042 MB, Compressed Oops mode: Zero based, Oop shift amount: 3
Narrow klass base: 0x0000000000000000, Narrow klass shift: 3
Compressed class space size: 1073741824 Address: 0x00000007c0000000

Heap:
 PSYoungGen      total 75776K, used 6510K [0x000000076bd00000, 0x0000000771180000, 0x00000007c0000000)
  eden space 65024K, 10% used [0x000000076bd00000,0x000000076c35b8e8,0x000000076fc80000)
  from space 10752K, 0% used [0x0000000770700000,0x0000000770700000,0x0000000771180000)
  to   space 10752K, 0% used [0x000000076fc80000,0x000000076fc80000,0x0000000770700000)
 ParOldGen       total 173568K, used 0K [0x00000006c3600000, 0x00000006cdf80000, 0x000000076bd00000)
  object space 173568K, 0% used [0x00000006c3600000,0x00000006c3600000,0x00000006cdf80000)
 Metaspace       used 3203K, capacity 4494K, committed 4864K, reserved 1056768K
  class space    used 347K, capacity 386K, committed 512K, reserved 1048576K

Card table byte_map: [0x000002331af80000,0x000002331b770000] byte_map_base: 0x0000023317965000

Marking Bits: (ParMarkBitMap*) 0x00000000714f9030
 Begin Bits: [0x000002331bcc0000, 0x000002331fbe8000)
 End Bits:   [0x000002331fbe8000, 0x0000023323b10000)

Polling page: 0x000002330b160000

CodeCache: size=245760Kb used=1053Kb max_used=1064Kb free=244706Kb
 bounds [0x000002330bbc0000, 0x000002330be30000, 0x000002331abc0000]
 total_blobs=253 nmethods=0 adapters=168
 compilation: enabled

Compilation events (0 events):
No events

GC Heap History (0 events):
No events

Deoptimization events (0 events):
No events

Classes redefined (0 events):
No events

Internal exceptions (5 events):
Event: 0.034 Thread 0x00000233098a6800 Exception <a 'java/lang/NoSuchMethodError': Method sun.misc.Unsafe.defineClass(Ljava/lang/String;[BII)Ljava/lang/Class; name or signature does not match> (0x000000076bd07cc0) thrown at [C:\jenkins\workspace\8-2-build-windows-amd64-cygwin\jdk8u321\2141\hot
Event: 0.034 Thread 0x00000233098a6800 Exception <a 'java/lang/NoSuchMethodError': Method sun.misc.Unsafe.prefetchRead(Ljava/lang/Object;J)V name or signature does not match> (0x000000076bd07fa8) thrown at [C:\jenkins\workspace\8-2-build-windows-amd64-cygwin\jdk8u321\2141\hotspot\src\share\vm\
Event: 0.147 Thread 0x00000233098a6800 Exception <a 'java/lang/NoClassDefFoundError': jdk/internal/loader/NativeLibraries> (0x000000076be5d638) thrown at [C:\jenkins\workspace\8-2-build-windows-amd64-cygwin\jdk8u321\2141\hotspot\src\share\vm\classfile\systemDictionary.cpp, line 201]
Event: 0.147 Thread 0x00000233098a6800 Exception <a 'java/lang/NoSuchMethodError': load0> (0x000000076be5da98) thrown at [C:\jenkins\workspace\8-2-build-windows-amd64-cygwin\jdk8u321\2141\hotspot\src\share\vm\prims\jni.cpp, line 1615]
Event: 0.148 Thread 0x00000233098a6800 Exception <a 'java/lang/NoClassDefFoundError': jdk/internal/vm/VMSupport> (0x000000076be60480) thrown at [C:\jenkins\workspace\8-2-build-windows-amd64-cygwin\jdk8u321\2141\hotspot\src\share\vm\classfile\systemDictionary.cpp, line 201]

Events (10 events):
Event: 0.198 Thread 0x0000023326df9800 Thread added: 0x0000023326df9800
Event: 0.198 Thread 0x0000023326e00800 Thread added: 0x0000023326e00800
Event: 0.198 Thread 0x0000023326e03800 Thread added: 0x0000023326e03800
Event: 0.198 Thread 0x0000023326e04800 Thread added: 0x0000023326e04800
Event: 0.198 Thread 0x0000023326e07000 Thread added: 0x0000023326e07000
Event: 0.198 Thread 0x0000023326e15000 Thread added: 0x0000023326e15000
Event: 0.199 loading class java/lang/invoke/MethodHandleImpl
Event: 0.199 loading class java/lang/invoke/MethodHandleImpl done
Event: 0.201 loading class java/lang/invoke/MethodHandleImpl$1
Event: 0.201 loading class java/lang/invoke/MethodHandleImpl$1 done


Dynamic libraries:
0x00007ff7548c0000 - 0x00007ff754907000 	C:\Program Files\Java\jdk1.8.0_321\bin\java.exe
0x00007ffbf8dd0000 - 0x00007ffbf8fc5000 	C:\WINDOWS\SYSTEM32\ntdll.dll
0x00007ffbf7670000 - 0x00007ffbf772e000 	C:\WINDOWS\System32\KERNEL32.DLL
0x00007ffbf6990000 - 0x00007ffbf6c58000 	C:\WINDOWS\System32\KERNELBASE.dll
0x00007ffbf86d0000 - 0x00007ffbf877e000 	C:\WINDOWS\System32\ADVAPI32.dll
0x00007ffbf74a0000 - 0x00007ffbf753e000 	C:\WINDOWS\System32\msvcrt.dll
0x00007ffbf8450000 - 0x00007ffbf84ec000 	C:\WINDOWS\System32\sechost.dll
0x00007ffbf88d0000 - 0x00007ffbf89f5000 	C:\WINDOWS\System32\RPCRT4.dll
0x00007ffbf7730000 - 0x00007ffbf78d0000 	C:\WINDOWS\System32\USER32.dll
0x00007ffbf68d0000 - 0x00007ffbf68f2000 	C:\WINDOWS\System32\win32u.dll
0x00007ffbf86a0000 - 0x00007ffbf86cb000 	C:\WINDOWS\System32\GDI32.dll
0x00007ffbf6cd0000 - 0x00007ffbf6ddb000 	C:\WINDOWS\System32\gdi32full.dll
0x00007ffbf6520000 - 0x00007ffbf65bd000 	C:\WINDOWS\System32\msvcp_win.dll
0x00007ffbf65c0000 - 0x00007ffbf66c0000 	C:\WINDOWS\System32\ucrtbase.dll
0x00007ffbd0220000 - 0x00007ffbd04ba000 	C:\WINDOWS\WinSxS\amd64_microsoft.windows.common-controls_6595b64144ccf1df_6.0.19041.1110_none_60b5254171f9507e\COMCTL32.dll
0x00007ffbf8d60000 - 0x00007ffbf8d90000 	C:\WINDOWS\System32\IMM32.DLL
0x00007ffbecd80000 - 0x00007ffbecd95000 	C:\Program Files\Java\jdk1.8.0_321\jre\bin\vcruntime140.dll
0x00007ffbc5be0000 - 0x00007ffbc5c7b000 	C:\Program Files\Java\jdk1.8.0_321\jre\bin\msvcp140.dll
0x0000000070d10000 - 0x0000000071571000 	C:\Program Files\Java\jdk1.8.0_321\jre\bin\server\jvm.dll
0x00007ffbf6e30000 - 0x00007ffbf6e38000 	C:\WINDOWS\System32\PSAPI.DLL
0x00007ffbd2580000 - 0x00007ffbd25a7000 	C:\WINDOWS\SYSTEM32\WINMM.dll
0x00007ffbe01d0000 - 0x00007ffbe01d9000 	C:\WINDOWS\SYSTEM32\WSOCK32.dll
0x00007ffbec660000 - 0x00007ffbec66a000 	C:\WINDOWS\SYSTEM32\VERSION.dll
0x00007ffbf8290000 - 0x00007ffbf82fb000 	C:\WINDOWS\System32\WS2_32.dll
0x00007ffbf4d90000 - 0x00007ffbf4da2000 	C:\WINDOWS\SYSTEM32\kernel.appcore.dll
0x00007ffbf1fc0000 - 0x00007ffbf1fd0000 	C:\Program Files\Java\jdk1.8.0_321\jre\bin\verify.dll
0x00007ffbeccb0000 - 0x00007ffbeccdb000 	C:\Program Files\Java\jdk1.8.0_321\jre\bin\java.dll
0x00007ffbde790000 - 0x00007ffbde7c0000 	C:\Program Files\Java\jdk1.8.0_321\jre\bin\instrument.dll
0x00007ffbb9120000 - 0x00007ffbb91af000 	C:\Users\guoyan\AppData\Local\Temp\libasyncProfiler.dll
0x00007ffbf7540000 - 0x00007ffbf766a000 	C:\WINDOWS\System32\ole32.dll
0x00007ffbf8a00000 - 0x00007ffbf8d54000 	C:\WINDOWS\System32\combase.dll
0x00007ffbf8800000 - 0x00007ffbf88cd000 	C:\WINDOWS\System32\OLEAUT32.dll
0x00007ffbf8780000 - 0x00007ffbf87d5000 	C:\WINDOWS\System32\SHLWAPI.dll
0x00007ffbecd60000 - 0x00007ffbecd78000 	C:\Program Files\Java\jdk1.8.0_321\jre\bin\zip.dll
0x00007ffbf7ae0000 - 0x00007ffbf8224000 	C:\WINDOWS\System32\SHELL32.dll
0x00007ffbf44f0000 - 0x00007ffbf4c84000 	C:\WINDOWS\SYSTEM32\windows.storage.dll
0x00007ffbf5f50000 - 0x00007ffbf5f7c000 	C:\WINDOWS\SYSTEM32\Wldp.dll
0x00007ffbf8300000 - 0x00007ffbf83ad000 	C:\WINDOWS\System32\SHCORE.dll
0x00007ffbf6430000 - 0x00007ffbf644f000 	C:\WINDOWS\SYSTEM32\profapi.dll
0x00007ffbde770000 - 0x00007ffbde78a000 	E:\IntelliJ IDEA 2021.3.2\bin\breakgen64.dll
0x00007ffbecc90000 - 0x00007ffbeccac000 	C:\Program Files\Java\jdk1.8.0_321\jre\bin\net.dll
0x00007ffbf5cb0000 - 0x00007ffbf5d1a000 	C:\WINDOWS\system32\mswsock.dll
0x00007ffbaf150000 - 0x00007ffbaf2c3000 	C:\Users\guoyan\AppData\Local\Temp\idea_msdia140_dll_temp_folder\msdia140.dll
0x00007ffbf4300000 - 0x00007ffbf44e4000 	C:\WINDOWS\SYSTEM32\dbghelp.dll
0x00007ffbf6900000 - 0x00007ffbf6982000 	C:\WINDOWS\System32\bcryptPrimitives.dll

VM Arguments:
jvm_args: -javaagent:E:\IntelliJ IDEA 2021.3.2\lib\idea_rt.jar=63226:E:\IntelliJ IDEA 2021.3.2\bin -agentpath:C:\Users\guoyan\AppData\Local\Temp\libasyncProfiler.dll=start,jfr,libdia=C:\Users\guoyan\AppData\Local\Temp\idea_msdia140_dll_temp_folder\msdia140.dll,interval=1ms,file=C:\Users\guoyan\MainClass_2022_04_22_232655.jfr -Dfile.encoding=UTF-8 
java_command: MainClass
java_class_path (initial): C:\Program Files\Java\jdk1.8.0_321\jre\lib\charsets.jar;C:\Program Files\Java\jdk1.8.0_321\jre\lib\deploy.jar;C:\Program Files\Java\jdk1.8.0_321\jre\lib\ext\access-bridge-64.jar;C:\Program Files\Java\jdk1.8.0_321\jre\lib\ext\cldrdata.jar;C:\Program Files\Java\jdk1.8.0_321\jre\lib\ext\dnsns.jar;C:\Program Files\Java\jdk1.8.0_321\jre\lib\ext\jaccess.jar;C:\Program Files\Java\jdk1.8.0_321\jre\lib\ext\jfxrt.jar;C:\Program Files\Java\jdk1.8.0_321\jre\lib\ext\localedata.jar;C:\Program Files\Java\jdk1.8.0_321\jre\lib\ext\nashorn.jar;C:\Program Files\Java\jdk1.8.0_321\jre\lib\ext\sunec.jar;C:\Program Files\Java\jdk1.8.0_321\jre\lib\ext\sunjce_provider.jar;C:\Program Files\Java\jdk1.8.0_321\jre\lib\ext\sunmscapi.jar;C:\Program Files\Java\jdk1.8.0_321\jre\lib\ext\sunpkcs11.jar;C:\Program Files\Java\jdk1.8.0_321\jre\lib\ext\zipfs.jar;C:\Program Files\Java\jdk1.8.0_321\jre\lib\javaws.jar;C:\Program Files\Java\jdk1.8.0_321\jre\lib\jce.jar;C:\Program Files\Java\jdk1.8.0_321\jre\lib\jfr.jar;C:\Program Files\Java\jdk1.8.0_321\jre\lib\jfxswt.jar;C:\Program Files\Java\jdk1.8.0_321\jre\lib\jsse.jar;C:\Program Files\Java\jdk1.8.0_321\jre\lib\management-agent.jar;C:\Program Files\Java\jdk1.8.0_321\jre\lib\plugin.jar;C:\Program Files\Java\jdk1.8.0_321\jre\lib\resources.jar;C:\Program Files\Java\jdk1.8.0_321\jre\lib\rt.jar;F:\RyanKuo\Study_At_School\Homework\ObjectOriented\homework2_3\out\production\homework2_3;F:\RyanKuo\Study_At_School\Homework\ObjectOriented\Unit2\面向对象第二单元第三次作业官方包\elevator-input-3.jar;F:\RyanKuo\Study_At_School\Homework\ObjectOriented\Unit2\面向对象第二单元第三次作业官方包\timable-output.jar;E:\IntelliJ IDEA 2021.3.2\lib\idea_rt.jar
Launcher Type: SUN_STANDARD

Environment Variables:
JAVA_HOME=C:\Program Files\Java\jdk1.8.0_321
CLASSPATH=.;C:\Program Files\Java\jdk1.8.0_321\lib;C:\Program Files\Java\jdk1.8.0_321\lib\dt.jar;C:\Program Files\Java\jdk1.8.0_321\lib\tools.jar;
PATH=C:\Program Files\PlasticSCM5\server;C:\Program Files\PlasticSCM5\client;C:\Program Files\Java\jdk1.8.0_321\bin;C:\Program Files\Java\jdk1.8.0_321\jre\bin;C:\Program Files (x86)\Common Files\Oracle\Java\javapath;C:\Program Files (x86)\VMware\VMware Player\bin\;C:\Program Files (x86)\Common Files\Intel\Shared Libraries\redist\intel64\compiler;C:\windows\system32;C:\windows;C:\windows\System32\Wbem;C:\windows\System32\WindowsPowerShell\v1.0\;C:\windows\System32\OpenSSH\;C:\Program Files (x86)\NVIDIA Corporation\PhysX\Common;C:\Program Files\NVIDIA Corporation\NVIDIA NvDLISR;C:\Program Files\Microsoft SQL Server\Client SDK\ODBC\110\Tools\Binn\;C:\Program Files (x86)\Microsoft SQL Server\120\Tools\Binn\;C:\Program Files\Microsoft SQL Server\120\Tools\Binn\;C:\Program Files\Microsoft SQL Server\120\DTS\Binn\;C:\Program Files (x86)\Windows Kits\8.1\Windows Performance Toolkit\;C:\WINDOWS\system32;C:\WINDOWS;C:\WINDOWS\System32\Wbem;C:\WINDOWS\System32\WindowsPowerShell\v1.0\;C:\WINDOWS\System32\OpenSSH\;D:\runtime\win64;D:\bin;D:\polyspace\bin;E:\Git\cmd;C:\Program Files (x86)\GtkSharp\2.12\bin;C:\Users\guoyan\AppData\Local\Microsoft\WindowsApps;C:\Users\guoyan\AppData\Local\atom\bin;D:\mingw64\bin;C:\Users\guoyan\AppData\Local\Microsoft\WindowsApps;D:\mingw64\bin;C:\Users\guoyan\.dotnet\tools;;E:\IntelliJ IDEA 2021.3.2\bin;;E:\PyCharm 2021.3.2\bin;
USERNAME=guoyan
OS=Windows_NT
PROCESSOR_IDENTIFIER=Intel64 Family 6 Model 126 Stepping 5, GenuineIntel



---------------  S Y S T E M  ---------------

OS: Windows 10 , 64 bit Build 19041 (10.0.19041.1566)

CPU:total 8 (initial active 8) (4 cores per cpu, 2 threads per core) family 6 model 126 stepping 5, cmov, cx8, fxsr, mmx, sse, sse2, sse3, ssse3, sse4.1, sse4.2, popcnt, avx, avx2, aes, clmul, erms, 3dnowpref, lzcnt, ht, tsc, tscinvbit, bmi1, bmi2, adx

Memory: 4k page, physical 16553776k(4537032k free), swap 31758128k(7503332k free)

vm_info: Java HotSpot(TM) 64-Bit Server VM (25.321-b07) for windows-amd64 JRE (1.8.0_321-b07), built on Dec 15 2021 11:19:20 by "java_re" with MS VC++ 15.9 (VS2017)

time: Fri Apr 22 23:26:55 2022
timezone: 中国标准时间
elapsed time: 0.214682 seconds (0d 0h 0m 0s)

