#
# A fatal error has been detected by the Java Runtime Environment:
#
#  EXCEPTION_ACCESS_VIOLATION (0xc0000005) at pc=0x0000000070d7d4a4, pid=25640, tid=0x0000000000006544
#
# JRE version: Java(TM) SE Runtime Environment (8.0_321-b07) (build 1.8.0_321-b07)
# Java VM: Java HotSpot(TM) 64-Bit Server VM (25.321-b07 mixed mode windows-amd64 compressed oops)
# Problematic frame:
# V  [jvm.dll+0x6d4a4]
#
# Failed to write core dump. Minidumps are not enabled by default on client versions of Windows
#
# If you would like to submit a bug report, please visit:
#   http://bugreport.java.com/bugreport/crash.jsp
#

---------------  T H R E A D  ---------------

Current thread (0x000002a73d22e000):  JavaThread "Thread-9" [_thread_in_vm, id=25924, stack(0x000000bdc3b00000,0x000000bdc3c00000)]

siginfo: ExceptionCode=0xc0000005, reading address 0x0000000000000010

Registers:
RAX=0x000002a73d213800, RBX=0x000000076be85f50, RCX=0x0000000000000000, RDX=0x0000000000000000
RSP=0x000000bdc3bfec30, RBP=0x000000bdc3bfeea0, RSI=0x000002a73d2d0e78, RDI=0x000002a73d0532d0
R8 =0x0000000022ee6ab0, R9 =0x000002a73af508c0, R10=0x00000000546c6148, R11=0x000001ac906a7743
R12=0x0000000000000000, R13=0x0000000000000013, R14=0x000002a73d2d0e70, R15=0x000002a73d22e000
RIP=0x0000000070d7d4a4, EFLAGS=0x0000000000010206

Top of Stack: (sp=0x000000bdc3bfec30)
0x000000bdc3bfec30:   000000bdc3bfecf8 000002a73d2d0e70
0x000000bdc3bfec40:   0000000000000000 0000000000000000
0x000000bdc3bfec50:   000002a73af508c0 0000000070d7d63a
0x000000bdc3bfec60:   000002a73d0532d0 0000000000000000
0x000000bdc3bfec70:   0000000000000000 0000000000000000
0x000000bdc3bfec80:   000002a73b3f9360 0000000070d94e05
0x000000bdc3bfec90:   000002a73d2d0e68 0000000000000000
0x000000bdc3bfeca0:   0000000000000000 0000000000000000
0x000000bdc3bfecb0:   000002a73b3f9360 000002a73d2d0e70
0x000000bdc3bfecc0:   000002a73d22e000 0000000000000000
0x000000bdc3bfecd0:   0000033a22ee6ab0 0000000000000000
0x000000bdc3bfece0:   000002a73b3f9360 0000000000000000
0x000000bdc3bfecf0:   0000000000000000 0000000000280bb4
0x000000bdc3bfed00:   0000000011e36eaa 0000000000000000
0x000000bdc3bfed10:   0000000000000000 0000000000000000
0x000000bdc3bfed20:   0000000000000000 0000000000000000 

Instructions: (pc=0x0000000070d7d4a4)
0x0000000070d7d484:   48 8b 01 ff 90 a8 00 00 00 48 3b d8 74 2d 48 8b
0x0000000070d7d494:   47 18 48 85 c0 74 17 0f 1f 44 00 00 48 8b 48 08
0x0000000070d7d4a4:   48 39 59 10 74 15 48 8b 00 48 85 c0 75 ee 32 c0
0x0000000070d7d4b4:   48 8b 5c 24 30 48 83 c4 20 5f c3 48 8b 5c 24 30 


Register to memory mapping:

RAX=0x000002a73d213800 is a thread
RBX=0x000000076be85f50 is an oop
java.security.ProtectionDomain 
 - klass: 'java/security/ProtectionDomain'
RCX=0x0000000000000000 is an unknown value
RDX=0x0000000000000000 is an unknown value
RSP=0x000000bdc3bfec30 is pointing into the stack for thread: 0x000002a73d22e000
RBP=0x000000bdc3bfeea0 is pointing into the stack for thread: 0x000002a73d22e000
RSI=0x000002a73d2d0e78 is an unknown value
RDI=0x000002a73d0532d0 is an unknown value
R8 =0x0000000022ee6ab0 is an unknown value
R9 =0x000002a73af508c0 is an unknown value
R10=0x00000000546c6148 is an unknown value
R11=0x000001ac906a7743 is an unknown value
R12=0x0000000000000000 is an unknown value
R13=0x0000000000000013 is an unknown value
R14=0x000002a73d2d0e70 is an unknown value
R15=0x000002a73d22e000 is a thread


Stack: [0x000000bdc3b00000,0x000000bdc3c00000],  sp=0x000000bdc3bfec30,  free space=1019k
Native frames: (J=compiled Java code, j=interpreted, Vv=VM code, C=native code)
V  [jvm.dll+0x6d4a4]
V  [jvm.dll+0x6d63a]
V  [jvm.dll+0x84e05]
V  [jvm.dll+0x85613]
V  [jvm.dll+0x1012a2]
V  [jvm.dll+0xc1acf]
V  [jvm.dll+0xbf2ef]
C  0x000002a721fe855c

Java frames: (J=compiled Java code, j=interpreted, Vv=VM code)
j  TimeInput.run()V+0
j  java.lang.Thread.run()V+11
v  ~StubRoutines::call_stub

---------------  P R O C E S S  ---------------

Java Threads: ( => current thread )
=>0x000002a73d22e000 JavaThread "Thread-9" [_thread_in_vm, id=25924, stack(0x000000bdc3b00000,0x000000bdc3c00000)]
  0x000002a73d22d000 JavaThread "DestroyJavaVM" [_thread_blocked, id=23872, stack(0x000000bdc1d00000,0x000000bdc1e00000)]
  0x000002a73d22b800 JavaThread "Thread-8" [_thread_blocked, id=19476, stack(0x000000bdc3a00000,0x000000bdc3b00000)]
  0x000002a73d22b000 JavaThread "Thread-7" [_thread_blocked, id=17808, stack(0x000000bdc3900000,0x000000bdc3a00000)]
  0x000002a73d229000 JavaThread "Thread-6" [_thread_blocked, id=24792, stack(0x000000bdc3800000,0x000000bdc3900000)]
  0x000002a73d22c800 JavaThread "Thread-5" [_thread_blocked, id=6640, stack(0x000000bdc3700000,0x000000bdc3800000)]
  0x000002a73d3d4800 JavaThread "Thread-4" [_thread_blocked, id=10708, stack(0x000000bdc3600000,0x000000bdc3700000)]
  0x000002a73d3d4000 JavaThread "Thread-3" [_thread_blocked, id=18520, stack(0x000000bdc3500000,0x000000bdc3600000)]
  0x000002a73d3cc000 JavaThread "Thread-2" [_thread_blocked, id=15240, stack(0x000000bdc3400000,0x000000bdc3500000)]
  0x000002a73d2cf800 JavaThread "Service Thread" daemon [_thread_blocked, id=9180, stack(0x000000bdc3200000,0x000000bdc3300000)]
  0x000002a73d22a000 JavaThread "C1 CompilerThread3" daemon [_thread_blocked, id=14020, stack(0x000000bdc3100000,0x000000bdc3200000)]
  0x000002a73d230000 JavaThread "C2 CompilerThread2" daemon [_thread_blocked, id=16864, stack(0x000000bdc3000000,0x000000bdc3100000)]
  0x000002a73d21d800 JavaThread "C2 CompilerThread1" daemon [_thread_blocked, id=25992, stack(0x000000bdc2f00000,0x000000bdc3000000)]
  0x000002a73d218800 JavaThread "C2 CompilerThread0" daemon [_thread_blocked, id=5460, stack(0x000000bdc2e00000,0x000000bdc2f00000)]
  0x000002a73d214800 JavaThread "Thread-0" daemon [_thread_in_native, id=27388, stack(0x000000bdc2d00000,0x000000bdc2e00000)]
  0x000002a73d213800 JavaThread "Thread-1" daemon [_thread_in_native, id=4944, stack(0x000000bdc2c00000,0x000000bdc2d00000)]
  0x000002a73d058000 JavaThread "Monitor Ctrl-Break" daemon [_thread_in_native, id=26672, stack(0x000000bdc2b00000,0x000000bdc2c00000)]
  0x000002a73d033800 JavaThread "Attach Listener" daemon [_thread_blocked, id=27988, stack(0x000000bdc2a00000,0x000000bdc2b00000)]
  0x000002a73b3e6000 JavaThread "Signal Dispatcher" daemon [_thread_blocked, id=27736, stack(0x000000bdc2900000,0x000000bdc2a00000)]
  0x000002a73b3b2000 JavaThread "Finalizer" daemon [_thread_blocked, id=19380, stack(0x000000bdc2800000,0x000000bdc2900000)]
  0x000002a73b3a8000 JavaThread "Reference Handler" daemon [_thread_blocked, id=14792, stack(0x000000bdc2700000,0x000000bdc2800000)]

Other Threads:
  0x000002a73b380000 VMThread [stack: 0x000000bdc2600000,0x000000bdc2700000] [id=4396]
  0x000002a73d2e4800 WatcherThread [stack: 0x000000bdc3300000,0x000000bdc3400000] [id=2284]

VM state:not at safepoint (normal execution)

VM Mutex/Monitor currently owned by a thread: None

heap address: 0x00000006c3600000, size: 4042 MB, Compressed Oops mode: Zero based, Oop shift amount: 3
Narrow klass base: 0x0000000000000000, Narrow klass shift: 3
Compressed class space size: 1073741824 Address: 0x00000007c0000000

Heap:
 PSYoungGen      total 75776K, used 10412K [0x000000076bd00000, 0x0000000771180000, 0x00000007c0000000)
  eden space 65024K, 16% used [0x000000076bd00000,0x000000076c72b048,0x000000076fc80000)
  from space 10752K, 0% used [0x0000000770700000,0x0000000770700000,0x0000000771180000)
  to   space 10752K, 0% used [0x000000076fc80000,0x000000076fc80000,0x0000000770700000)
 ParOldGen       total 173568K, used 0K [0x00000006c3600000, 0x00000006cdf80000, 0x000000076bd00000)
  object space 173568K, 0% used [0x00000006c3600000,0x00000006c3600000,0x00000006cdf80000)
 Metaspace       used 4237K, capacity 4778K, committed 4992K, reserved 1056768K
  class space    used 476K, capacity 530K, committed 640K, reserved 1048576K

Card table byte_map: [0x000002a731380000,0x000002a731b70000] byte_map_base: 0x000002a72dd65000

Marking Bits: (ParMarkBitMap*) 0x00000000714f9030
 Begin Bits: [0x000002a7320c0000, 0x000002a735fe8000)
 End Bits:   [0x000002a735fe8000, 0x000002a739f10000)

Polling page: 0x000002a71fdb0000

CodeCache: size=245760Kb used=1350Kb max_used=1353Kb free=244409Kb
 bounds [0x000002a721fc0000, 0x000002a722230000, 0x000002a730fc0000]
 total_blobs=392 nmethods=113 adapters=192
 compilation: enabled

Compilation events (10 events):
Event: 0.258 Thread 0x000002a73d22a000 nmethod 105 0x000002a72210ea90 code [0x000002a72210ebe0, 0x000002a72210ecf8]
Event: 0.258 Thread 0x000002a73d22a000  106       1       java.net.URL::getPort (5 bytes)
Event: 0.258 Thread 0x000002a73d22a000 nmethod 106 0x000002a72210ed90 code [0x000002a72210eee0, 0x000002a72210eff8]
Event: 0.258 Thread 0x000002a73d21d800 nmethod 96 0x000002a722112250 code [0x000002a7221123a0, 0x000002a722112968]
Event: 0.258 Thread 0x000002a73d22a000  107       3       java.nio.Buffer::checkIndex (22 bytes)
Event: 0.259 Thread 0x000002a73d22a000 nmethod 107 0x000002a722111d50 code [0x000002a722111ec0, 0x000002a722112110]
Event: 0.259 Thread 0x000002a73d22a000  108       3       java.nio.DirectLongBufferU::ix (10 bytes)
Event: 0.259 Thread 0x000002a73d22a000 nmethod 108 0x000002a7221119d0 code [0x000002a722111b20, 0x000002a722111c98]
Event: 0.259 Thread 0x000002a73d22a000  109       3       java.nio.charset.CharsetEncoder::maxBytesPerChar (5 bytes)
Event: 0.259 Thread 0x000002a73d22a000 nmethod 109 0x000002a722111690 code [0x000002a7221117e0, 0x000002a722111938]

GC Heap History (0 events):
No events

Deoptimization events (0 events):
No events

Classes redefined (0 events):
No events

Internal exceptions (9 events):
Event: 0.035 Thread 0x000002a71fbb8000 Exception <a 'java/lang/NoSuchMethodError': Method sun.misc.Unsafe.defineClass(Ljava/lang/String;[BII)Ljava/lang/Class; name or signature does not match> (0x000000076bd07cc0) thrown at [C:\jenkins\workspace\8-2-build-windows-amd64-cygwin\jdk8u321\2141\hot
Event: 0.035 Thread 0x000002a71fbb8000 Exception <a 'java/lang/NoSuchMethodError': Method sun.misc.Unsafe.prefetchRead(Ljava/lang/Object;J)V name or signature does not match> (0x000000076bd07fa8) thrown at [C:\jenkins\workspace\8-2-build-windows-amd64-cygwin\jdk8u321\2141\hotspot\src\share\vm\
Event: 0.128 Thread 0x000002a71fbb8000 Exception <a 'java/lang/NoClassDefFoundError': jdk/internal/loader/NativeLibraries> (0x000000076be5d638) thrown at [C:\jenkins\workspace\8-2-build-windows-amd64-cygwin\jdk8u321\2141\hotspot\src\share\vm\classfile\systemDictionary.cpp, line 201]
Event: 0.128 Thread 0x000002a71fbb8000 Exception <a 'java/lang/NoSuchMethodError': load0> (0x000000076be5da98) thrown at [C:\jenkins\workspace\8-2-build-windows-amd64-cygwin\jdk8u321\2141\hotspot\src\share\vm\prims\jni.cpp, line 1615]
Event: 0.129 Thread 0x000002a71fbb8000 Exception <a 'java/lang/NoClassDefFoundError': jdk/internal/vm/VMSupport> (0x000000076be60480) thrown at [C:\jenkins\workspace\8-2-build-windows-amd64-cygwin\jdk8u321\2141\hotspot\src\share\vm\classfile\systemDictionary.cpp, line 201]
Event: 0.213 Thread 0x000002a71fbb8000 Exception <a 'java/security/PrivilegedActionException'> (0x000000076beef7c8) thrown at [C:\jenkins\workspace\8-2-build-windows-amd64-cygwin\jdk8u321\2141\hotspot\src\share\vm\prims\jvm.cpp, line 1523]
Event: 0.213 Thread 0x000002a71fbb8000 Exception <a 'java/security/PrivilegedActionException'> (0x000000076beefbc0) thrown at [C:\jenkins\workspace\8-2-build-windows-amd64-cygwin\jdk8u321\2141\hotspot\src\share\vm\prims\jvm.cpp, line 1523]
Event: 0.214 Thread 0x000002a71fbb8000 Exception <a 'java/security/PrivilegedActionException'> (0x000000076bef3d90) thrown at [C:\jenkins\workspace\8-2-build-windows-amd64-cygwin\jdk8u321\2141\hotspot\src\share\vm\prims\jvm.cpp, line 1523]
Event: 0.214 Thread 0x000002a71fbb8000 Exception <a 'java/security/PrivilegedActionException'> (0x000000076bef4188) thrown at [C:\jenkins\workspace\8-2-build-windows-amd64-cygwin\jdk8u321\2141\hotspot\src\share\vm\prims\jvm.cpp, line 1523]

Events (10 events):
Event: 0.260 loading class TimeInput$1
Event: 0.260 loading class TimeInput$1 done
Event: 0.261 loading class TimeInput$2
Event: 0.261 loading class TimeInput$2 done
Event: 0.261 loading class java/io/PipedInputStream
Event: 0.261 loading class java/io/PipedInputStream done
Event: 0.262 loading class java/io/PipedOutputStream
Event: 0.262 loading class java/io/PipedOutputStream done
Event: 0.262 Thread 0x000002a73d22e000 Thread added: 0x000002a73d22e000
Event: 0.262 loading class java/util/Scanner


Dynamic libraries:
0x00007ff7548c0000 - 0x00007ff754907000 	C:\Program Files\Java\jdk1.8.0_321\bin\java.exe
0x00007ffbf8dd0000 - 0x00007ffbf8fc5000 	C:\WINDOWS\SYSTEM32\ntdll.dll
0x00007ffbf7670000 - 0x00007ffbf772e000 	C:\WINDOWS\System32\KERNEL32.DLL
0x00007ffbf6990000 - 0x00007ffbf6c58000 	C:\WINDOWS\System32\KERNELBASE.dll
0x00007ffbf86d0000 - 0x00007ffbf877e000 	C:\WINDOWS\System32\ADVAPI32.dll
0x00007ffbf74a0000 - 0x00007ffbf753e000 	C:\WINDOWS\System32\msvcrt.dll
0x00007ffbf8450000 - 0x00007ffbf84ec000 	C:\WINDOWS\System32\sechost.dll
0x00007ffbf88d0000 - 0x00007ffbf89f5000 	C:\WINDOWS\System32\RPCRT4.dll
0x00007ffbf7730000 - 0x00007ffbf78d0000 	C:\WINDOWS\System32\USER32.dll
0x00007ffbf68d0000 - 0x00007ffbf68f2000 	C:\WINDOWS\System32\win32u.dll
0x00007ffbf86a0000 - 0x00007ffbf86cb000 	C:\WINDOWS\System32\GDI32.dll
0x00007ffbf6cd0000 - 0x00007ffbf6ddb000 	C:\WINDOWS\System32\gdi32full.dll
0x00007ffbf6520000 - 0x00007ffbf65bd000 	C:\WINDOWS\System32\msvcp_win.dll
0x00007ffbf65c0000 - 0x00007ffbf66c0000 	C:\WINDOWS\System32\ucrtbase.dll
0x00007ffbd0220000 - 0x00007ffbd04ba000 	C:\WINDOWS\WinSxS\amd64_microsoft.windows.common-controls_6595b64144ccf1df_6.0.19041.1110_none_60b5254171f9507e\COMCTL32.dll
0x00007ffbf8d60000 - 0x00007ffbf8d90000 	C:\WINDOWS\System32\IMM32.DLL
0x00007ffbecd80000 - 0x00007ffbecd95000 	C:\Program Files\Java\jdk1.8.0_321\jre\bin\vcruntime140.dll
0x00007ffbc5be0000 - 0x00007ffbc5c7b000 	C:\Program Files\Java\jdk1.8.0_321\jre\bin\msvcp140.dll
0x0000000070d10000 - 0x0000000071571000 	C:\Program Files\Java\jdk1.8.0_321\jre\bin\server\jvm.dll
0x00007ffbf6e30000 - 0x00007ffbf6e38000 	C:\WINDOWS\System32\PSAPI.DLL
0x00007ffbec660000 - 0x00007ffbec66a000 	C:\WINDOWS\SYSTEM32\VERSION.dll
0x00007ffbd2580000 - 0x00007ffbd25a7000 	C:\WINDOWS\SYSTEM32\WINMM.dll
0x00007ffbe01d0000 - 0x00007ffbe01d9000 	C:\WINDOWS\SYSTEM32\WSOCK32.dll
0x00007ffbf8290000 - 0x00007ffbf82fb000 	C:\WINDOWS\System32\WS2_32.dll
0x00007ffbf4d90000 - 0x00007ffbf4da2000 	C:\WINDOWS\SYSTEM32\kernel.appcore.dll
0x00007ffbf1fc0000 - 0x00007ffbf1fd0000 	C:\Program Files\Java\jdk1.8.0_321\jre\bin\verify.dll
0x00007ffbeccb0000 - 0x00007ffbeccdb000 	C:\Program Files\Java\jdk1.8.0_321\jre\bin\java.dll
0x00007ffbdd860000 - 0x00007ffbdd890000 	C:\Program Files\Java\jdk1.8.0_321\jre\bin\instrument.dll
0x00007ffbb9810000 - 0x00007ffbb989f000 	C:\Users\guoyan\AppData\Local\Temp\libasyncProfiler.dll
0x00007ffbf7540000 - 0x00007ffbf766a000 	C:\WINDOWS\System32\ole32.dll
0x00007ffbf8a00000 - 0x00007ffbf8d54000 	C:\WINDOWS\System32\combase.dll
0x00007ffbf8800000 - 0x00007ffbf88cd000 	C:\WINDOWS\System32\OLEAUT32.dll
0x00007ffbf8780000 - 0x00007ffbf87d5000 	C:\WINDOWS\System32\SHLWAPI.dll
0x00007ffbecd60000 - 0x00007ffbecd78000 	C:\Program Files\Java\jdk1.8.0_321\jre\bin\zip.dll
0x00007ffbf7ae0000 - 0x00007ffbf8224000 	C:\WINDOWS\System32\SHELL32.dll
0x00007ffbf44f0000 - 0x00007ffbf4c84000 	C:\WINDOWS\SYSTEM32\windows.storage.dll
0x00007ffbf5f50000 - 0x00007ffbf5f7c000 	C:\WINDOWS\SYSTEM32\Wldp.dll
0x00007ffbf8300000 - 0x00007ffbf83ad000 	C:\WINDOWS\System32\SHCORE.dll
0x00007ffbf6430000 - 0x00007ffbf644f000 	C:\WINDOWS\SYSTEM32\profapi.dll
0x00007ffbecba0000 - 0x00007ffbecbba000 	E:\IntelliJ IDEA 2021.3.2\bin\breakgen64.dll
0x00007ffbecc90000 - 0x00007ffbeccac000 	C:\Program Files\Java\jdk1.8.0_321\jre\bin\net.dll
0x00007ffbf5cb0000 - 0x00007ffbf5d1a000 	C:\WINDOWS\system32\mswsock.dll
0x00007ffbaf8f0000 - 0x00007ffbafa63000 	C:\Users\guoyan\AppData\Local\Temp\idea_msdia140_dll_temp_folder\msdia140.dll
0x00007ffbf4300000 - 0x00007ffbf44e4000 	C:\WINDOWS\SYSTEM32\dbghelp.dll
0x00007ffbf6900000 - 0x00007ffbf6982000 	C:\WINDOWS\System32\bcryptPrimitives.dll

VM Arguments:
jvm_args: -javaagent:E:\IntelliJ IDEA 2021.3.2\lib\idea_rt.jar=63201:E:\IntelliJ IDEA 2021.3.2\bin -agentpath:C:\Users\guoyan\AppData\Local\Temp\libasyncProfiler.dll=start,jfr,libdia=C:\Users\guoyan\AppData\Local\Temp\idea_msdia140_dll_temp_folder\msdia140.dll,interval=1ms,file=C:\Users\guoyan\MainClass_2022_04_22_232215.jfr -Dfile.encoding=UTF-8 
java_command: MainClass
java_class_path (initial): C:\Program Files\Java\jdk1.8.0_321\jre\lib\charsets.jar;C:\Program Files\Java\jdk1.8.0_321\jre\lib\deploy.jar;C:\Program Files\Java\jdk1.8.0_321\jre\lib\ext\access-bridge-64.jar;C:\Program Files\Java\jdk1.8.0_321\jre\lib\ext\cldrdata.jar;C:\Program Files\Java\jdk1.8.0_321\jre\lib\ext\dnsns.jar;C:\Program Files\Java\jdk1.8.0_321\jre\lib\ext\jaccess.jar;C:\Program Files\Java\jdk1.8.0_321\jre\lib\ext\jfxrt.jar;C:\Program Files\Java\jdk1.8.0_321\jre\lib\ext\localedata.jar;C:\Program Files\Java\jdk1.8.0_321\jre\lib\ext\nashorn.jar;C:\Program Files\Java\jdk1.8.0_321\jre\lib\ext\sunec.jar;C:\Program Files\Java\jdk1.8.0_321\jre\lib\ext\sunjce_provider.jar;C:\Program Files\Java\jdk1.8.0_321\jre\lib\ext\sunmscapi.jar;C:\Program Files\Java\jdk1.8.0_321\jre\lib\ext\sunpkcs11.jar;C:\Program Files\Java\jdk1.8.0_321\jre\lib\ext\zipfs.jar;C:\Program Files\Java\jdk1.8.0_321\jre\lib\javaws.jar;C:\Program Files\Java\jdk1.8.0_321\jre\lib\jce.jar;C:\Program Files\Java\jdk1.8.0_321\jre\lib\jfr.jar;C:\Program Files\Java\jdk1.8.0_321\jre\lib\jfxswt.jar;C:\Program Files\Java\jdk1.8.0_321\jre\lib\jsse.jar;C:\Program Files\Java\jdk1.8.0_321\jre\lib\management-agent.jar;C:\Program Files\Java\jdk1.8.0_321\jre\lib\plugin.jar;C:\Program Files\Java\jdk1.8.0_321\jre\lib\resources.jar;C:\Program Files\Java\jdk1.8.0_321\jre\lib\rt.jar;F:\RyanKuo\Study_At_School\Homework\ObjectOriented\homework2_3\out\production\homework2_3;F:\RyanKuo\Study_At_School\Homework\ObjectOriented\Unit2\面向对象第二单元第三次作业官方包\elevator-input-3.jar;F:\RyanKuo\Study_At_School\Homework\ObjectOriented\Unit2\面向对象第二单元第三次作业官方包\timable-output.jar;E:\IntelliJ IDEA 2021.3.2\lib\idea_rt.jar
Launcher Type: SUN_STANDARD

Environment Variables:
JAVA_HOME=C:\Program Files\Java\jdk1.8.0_321
CLASSPATH=.;C:\Program Files\Java\jdk1.8.0_321\lib;C:\Program Files\Java\jdk1.8.0_321\lib\dt.jar;C:\Program Files\Java\jdk1.8.0_321\lib\tools.jar;
PATH=C:\Program Files\PlasticSCM5\server;C:\Program Files\PlasticSCM5\client;C:\Program Files\Java\jdk1.8.0_321\bin;C:\Program Files\Java\jdk1.8.0_321\jre\bin;C:\Program Files (x86)\Common Files\Oracle\Java\javapath;C:\Program Files (x86)\VMware\VMware Player\bin\;C:\Program Files (x86)\Common Files\Intel\Shared Libraries\redist\intel64\compiler;C:\windows\system32;C:\windows;C:\windows\System32\Wbem;C:\windows\System32\WindowsPowerShell\v1.0\;C:\windows\System32\OpenSSH\;C:\Program Files (x86)\NVIDIA Corporation\PhysX\Common;C:\Program Files\NVIDIA Corporation\NVIDIA NvDLISR;C:\Program Files\Microsoft SQL Server\Client SDK\ODBC\110\Tools\Binn\;C:\Program Files (x86)\Microsoft SQL Server\120\Tools\Binn\;C:\Program Files\Microsoft SQL Server\120\Tools\Binn\;C:\Program Files\Microsoft SQL Server\120\DTS\Binn\;C:\Program Files (x86)\Windows Kits\8.1\Windows Performance Toolkit\;C:\WINDOWS\system32;C:\WINDOWS;C:\WINDOWS\System32\Wbem;C:\WINDOWS\System32\WindowsPowerShell\v1.0\;C:\WINDOWS\System32\OpenSSH\;D:\runtime\win64;D:\bin;D:\polyspace\bin;E:\Git\cmd;C:\Program Files (x86)\GtkSharp\2.12\bin;C:\Users\guoyan\AppData\Local\Microsoft\WindowsApps;C:\Users\guoyan\AppData\Local\atom\bin;D:\mingw64\bin;C:\Users\guoyan\AppData\Local\Microsoft\WindowsApps;D:\mingw64\bin;C:\Users\guoyan\.dotnet\tools;;E:\IntelliJ IDEA 2021.3.2\bin;;E:\PyCharm 2021.3.2\bin;
USERNAME=guoyan
OS=Windows_NT
PROCESSOR_IDENTIFIER=Intel64 Family 6 Model 126 Stepping 5, GenuineIntel



---------------  S Y S T E M  ---------------

OS: Windows 10 , 64 bit Build 19041 (10.0.19041.1566)

CPU:total 8 (initial active 8) (4 cores per cpu, 2 threads per core) family 6 model 126 stepping 5, cmov, cx8, fxsr, mmx, sse, sse2, sse3, ssse3, sse4.1, sse4.2, popcnt, avx, avx2, aes, clmul, erms, 3dnowpref, lzcnt, ht, tsc, tscinvbit, bmi1, bmi2, adx

Memory: 4k page, physical 16553776k(4530544k free), swap 31758128k(7447472k free)

vm_info: Java HotSpot(TM) 64-Bit Server VM (25.321-b07) for windows-amd64 JRE (1.8.0_321-b07), built on Dec 15 2021 11:19:20 by "java_re" with MS VC++ 15.9 (VS2017)

time: Fri Apr 22 23:22:15 2022
timezone: 中国标准时间
elapsed time: 0.299373 seconds (0d 0h 0m 0s)

