#
# A fatal error has been detected by the Java Runtime Environment:
#
#  EXCEPTION_ACCESS_VIOLATION (0xc0000005) at pc=0x000001655a9ace50, pid=28356, tid=0x0000000000002c38
#
# JRE version: Java(TM) SE Runtime Environment (8.0_321-b07) (build 1.8.0_321-b07)
# Java VM: Java HotSpot(TM) 64-Bit Server VM (25.321-b07 mixed mode windows-amd64 compressed oops)
# Problematic frame:
# C  0x000001655a9ace50
#
# Failed to write core dump. Minidumps are not enabled by default on client versions of Windows
#
# If you would like to submit a bug report, please visit:
#   http://bugreport.java.com/bugreport/crash.jsp
#

---------------  T H R E A D  ---------------

Current thread (0x0000016558a82000):  VMThread [stack: 0x0000001a5b200000,0x0000001a5b300000] [id=11320]

siginfo: ExceptionCode=0xc0000005, ExceptionInformation=0x0000000000000008 0x000001655a9ace50

Registers:
RAX=0x000001655a914000, RBX=0x00007ffbaf4d94b8, RCX=0x000001655a90e1b0, RDX=0x0000000000000001
RSP=0x0000001a5b2ff178, RBP=0x0000001a5b2ff590, RSI=0x00007ffbaf49bab0, RDI=0x00000000000000c5
R8 =0x000001653d2e1200, R9 =0x0000000000000001, R10=0x0000000000008000, R11=0x0000001a5b2ff0a0
R12=0x000001655a90f5d0, R13=0x0000000000000040, R14=0x000001655a90f8d8, R15=0x0000001a5b2ff240
RIP=0x000001655a9ace50, EFLAGS=0x0000000000010202

Top of Stack: (sp=0x0000001a5b2ff178)
0x0000001a5b2ff178:   00007ffbaf49baf8 0000000000000000
0x0000001a5b2ff188:   0000000000000000 0000000000000000
0x0000001a5b2ff198:   0000000000000000 000001655a90f5d0
0x0000001a5b2ff1a8:   00007ffbaf444a9b 000001655a90f640
0x0000001a5b2ff1b8:   0000000000000000 0000000000000000
0x0000001a5b2ff1c8:   0000000000000000 000001655a90f640
0x0000001a5b2ff1d8:   000001655a90f5d0 000001655a90f5d0
0x0000001a5b2ff1e8:   000001655a90f8d8 0000000000000001
0x0000001a5b2ff1f8:   0000000000000000 00000165587222e0
0x0000001a5b2ff208:   00007ffbaf42ca88 0000b9ed15bfaa3a
0x0000001a5b2ff218:   00007ffbaf444d41 0000000000000000
0x0000001a5b2ff228:   0000000000000001 00000165587222e0
0x0000001a5b2ff238:   0000001a5b2ff270 0000001a5b2ff260
0x0000001a5b2ff248:   00007ffbf5ea0000 00000165587222e0
0x0000001a5b2ff258:   00007ffbaf443fc0 00007ffbaf4db988
0x0000001a5b2ff268:   00007ffbf8df47b1 0000016500000002 

Instructions: (pc=0x000001655a9ace50)
0x000001655a9ace30:   6f 6e 6e 65 63 74 69 6f 6e 3b 00 48 61 6e 64 6c
0x000001655a9ace40:   65 72 3b 00 00 00 00 00 ea 2d 9e 3b 00 4c 00 90
0x000001655a9ace50:   55 00 53 00 45 00 52 00 4e 00 41 00 4d 00 45 00
0x000001655a9ace60:   3d 00 67 00 75 00 6f 00 79 00 61 00 6e 00 00 00 


Register to memory mapping:

RAX=0x000001655a914000 is an unknown value
RBX=0x00007ffbaf4d94b8 is an unknown value
RCX=0x000001655a90e1b0 is an unknown value
RDX=0x0000000000000001 is an unknown value
RSP=0x0000001a5b2ff178 is an unknown value
RBP=0x0000001a5b2ff590 is an unknown value
RSI=0x00007ffbaf49bab0 is an unknown value
RDI=0x00000000000000c5 is an unknown value
R8 =0x000001653d2e1200 is an unknown value
R9 =0x0000000000000001 is an unknown value
R10=0x0000000000008000 is an unknown value
R11=0x0000001a5b2ff0a0 is an unknown value
R12=0x000001655a90f5d0 is an unknown value
R13=0x0000000000000040 is an unknown value
R14=0x000001655a90f8d8 is an unknown value
R15=0x0000001a5b2ff240 is an unknown value


Stack: [0x0000001a5b200000,0x0000001a5b300000],  sp=0x0000001a5b2ff178,  free space=1020k
Native frames: (J=compiled Java code, j=interpreted, Vv=VM code, C=native code)
C  0x000001655a9ace50

VM_Operation (0x0000001a5c7ff470): Exit, mode: safepoint, requested by thread 0x000001655a92e000


---------------  P R O C E S S  ---------------

Java Threads: ( => current thread )
  0x000001655a92e000 JavaThread "SIGINT handler" daemon [_thread_blocked, id=10352, stack(0x0000001a5c700000,0x0000001a5c800000)]
  0x000001655a92f800 JavaThread "Timer-0" [_thread_blocked, id=27288, stack(0x0000001a5c800000,0x0000001a5c900000)]
  0x000001653d386000 JavaThread "DestroyJavaVM" [_thread_blocked, id=22740, stack(0x0000001a5a900000,0x0000001a5aa00000)]
  0x000001655ac33000 JavaThread "Thread-8" [_thread_blocked, id=12848, stack(0x0000001a5c600000,0x0000001a5c700000)]
  0x000001655ac2a800 JavaThread "Thread-7" [_thread_blocked, id=27168, stack(0x0000001a5c500000,0x0000001a5c600000)]
  0x000001655ac24000 JavaThread "Thread-6" [_thread_blocked, id=16108, stack(0x0000001a5c400000,0x0000001a5c500000)]
  0x000001655ac12800 JavaThread "Thread-5" [_thread_blocked, id=16352, stack(0x0000001a5c300000,0x0000001a5c400000)]
  0x000001655ac11800 JavaThread "Thread-4" [_thread_blocked, id=17960, stack(0x0000001a5c200000,0x0000001a5c300000)]
  0x000001655ac06000 JavaThread "Thread-3" [_thread_blocked, id=14116, stack(0x0000001a5c100000,0x0000001a5c200000)]
  0x000001655ac05000 JavaThread "Thread-2" [_thread_blocked, id=27280, stack(0x0000001a5c000000,0x0000001a5c100000)]
  0x000001655a9da000 JavaThread "Service Thread" daemon [_thread_blocked, id=27116, stack(0x0000001a5be00000,0x0000001a5bf00000)]
  0x000001655a930000 JavaThread "C1 CompilerThread3" daemon [_thread_blocked, id=28264, stack(0x0000001a5bd00000,0x0000001a5be00000)]
  0x000001655a91c000 JavaThread "C2 CompilerThread2" daemon [_thread_blocked, id=9324, stack(0x0000001a5bc00000,0x0000001a5bd00000)]
  0x000001655a919000 JavaThread "C2 CompilerThread1" daemon [_thread_blocked, id=28668, stack(0x0000001a5bb00000,0x0000001a5bc00000)]
  0x000001655a918800 JavaThread "C2 CompilerThread0" daemon [_thread_blocked, id=25636, stack(0x0000001a5ba00000,0x0000001a5bb00000)]
  0x000001655a756800 JavaThread "Monitor Ctrl-Break" daemon [_thread_in_native, id=4344, stack(0x0000001a5b700000,0x0000001a5b800000)]
  0x0000016558b23800 JavaThread "Attach Listener" daemon [_thread_blocked, id=19960, stack(0x0000001a5b600000,0x0000001a5b700000)]
  0x000001655a6f8800 JavaThread "Signal Dispatcher" daemon [_thread_blocked, id=19796, stack(0x0000001a5b500000,0x0000001a5b600000)]
  0x0000016558ab0000 JavaThread "Finalizer" daemon [_thread_blocked, id=24436, stack(0x0000001a5b400000,0x0000001a5b500000)]
  0x0000016558aa8000 JavaThread "Reference Handler" daemon [_thread_blocked, id=25752, stack(0x0000001a5b300000,0x0000001a5b400000)]

Other Threads:
=>0x0000016558a82000 VMThread [stack: 0x0000001a5b200000,0x0000001a5b300000] [id=11320]

VM state:at safepoint (shutting down)

VM Mutex/Monitor currently owned by a thread:  ([mutex/lock_event])
[0x000001653d3554c0] Threads_lock - owner thread: 0x0000016558a82000

heap address: 0x00000006c3600000, size: 4042 MB, Compressed Oops mode: Zero based, Oop shift amount: 3
Narrow klass base: 0x0000000000000000, Narrow klass shift: 3
Compressed class space size: 1073741824 Address: 0x00000007c0000000

Heap:
 PSYoungGen      total 75776K, used 19515K [0x000000076bd00000, 0x0000000771180000, 0x00000007c0000000)
  eden space 65024K, 30% used [0x000000076bd00000,0x000000076d00eef0,0x000000076fc80000)
  from space 10752K, 0% used [0x0000000770700000,0x0000000770700000,0x0000000771180000)
  to   space 10752K, 0% used [0x000000076fc80000,0x000000076fc80000,0x0000000770700000)
 ParOldGen       total 173568K, used 0K [0x00000006c3600000, 0x00000006cdf80000, 0x000000076bd00000)
  object space 173568K, 0% used [0x00000006c3600000,0x00000006c3600000,0x00000006cdf80000)
 Metaspace       used 4639K, capacity 4874K, committed 4992K, reserved 1056768K
  class space    used 511K, capacity 562K, committed 640K, reserved 1048576K

Card table byte_map: [0x000001654ea80000,0x000001654f270000] byte_map_base: 0x000001654b465000

Marking Bits: (ParMarkBitMap*) 0x00000000714f9030
 Begin Bits: [0x000001654f7c0000, 0x00000165536e8000)
 End Bits:   [0x00000165536e8000, 0x0000016557610000)

Polling page: 0x000001653ec60000

CodeCache: size=245760Kb used=1498Kb max_used=1498Kb free=244261Kb
 bounds [0x000001653f6c0000, 0x000001653f930000, 0x000001654e6c0000]
 total_blobs=464 nmethods=174 adapters=203
 compilation: enabled

Compilation events (10 events):
Event: 5.275 Thread 0x000001655a930000  168       3       java.util.regex.Pattern$GroupHead::match (47 bytes)
Event: 5.276 Thread 0x000001655a930000 nmethod 168 0x000001653f833990 code [0x000001653f833b00, 0x000001653f833db0]
Event: 5.876 Thread 0x000001655a930000  171       3       java.util.regex.Matcher::group (112 bytes)
Event: 5.877 Thread 0x000001655a930000 nmethod 171 0x000001653f8343d0 code [0x000001653f834600, 0x000001653f835330]
Event: 5.877 Thread 0x000001655a930000  172       3       java.util.regex.Matcher::groupCount (10 bytes)
Event: 5.877 Thread 0x000001655a930000 nmethod 172 0x000001653f835a50 code [0x000001653f835ba0, 0x000001653f835d18]
Event: 6.062 Thread 0x000001655a930000  173       3       java.nio.ByteBuffer::array (35 bytes)
Event: 6.062 Thread 0x000001655a930000 nmethod 173 0x000001653f835e10 code [0x000001653f835fa0, 0x000001653f836260]
Event: 6.367 Thread 0x000001655a930000  174       3       java.util.regex.Pattern$Branch::match (66 bytes)
Event: 6.367 Thread 0x000001655a930000 nmethod 174 0x000001653f836450 code [0x000001653f8365e0, 0x000001653f836ae0]

GC Heap History (0 events):
No events

Deoptimization events (0 events):
No events

Classes redefined (0 events):
No events

Internal exceptions (9 events):
Event: 0.030 Thread 0x000001653d386000 Exception <a 'java/lang/NoSuchMethodError': Method sun.misc.Unsafe.defineClass(Ljava/lang/String;[BII)Ljava/lang/Class; name or signature does not match> (0x000000076bd07cc0) thrown at [C:\jenkins\workspace\8-2-build-windows-amd64-cygwin\jdk8u321\2141\hot
Event: 0.030 Thread 0x000001653d386000 Exception <a 'java/lang/NoSuchMethodError': Method sun.misc.Unsafe.prefetchRead(Ljava/lang/Object;J)V name or signature does not match> (0x000000076bd07fa8) thrown at [C:\jenkins\workspace\8-2-build-windows-amd64-cygwin\jdk8u321\2141\hotspot\src\share\vm\
Event: 0.127 Thread 0x000001653d386000 Exception <a 'java/lang/NoClassDefFoundError': jdk/internal/loader/NativeLibraries> (0x000000076be5d638) thrown at [C:\jenkins\workspace\8-2-build-windows-amd64-cygwin\jdk8u321\2141\hotspot\src\share\vm\classfile\systemDictionary.cpp, line 201]
Event: 0.127 Thread 0x000001653d386000 Exception <a 'java/lang/NoSuchMethodError': load0> (0x000000076be5da98) thrown at [C:\jenkins\workspace\8-2-build-windows-amd64-cygwin\jdk8u321\2141\hotspot\src\share\vm\prims\jni.cpp, line 1615]
Event: 0.128 Thread 0x000001653d386000 Exception <a 'java/lang/NoClassDefFoundError': jdk/internal/vm/VMSupport> (0x000000076be60480) thrown at [C:\jenkins\workspace\8-2-build-windows-amd64-cygwin\jdk8u321\2141\hotspot\src\share\vm\classfile\systemDictionary.cpp, line 201]
Event: 0.213 Thread 0x000001653d386000 Exception <a 'java/security/PrivilegedActionException'> (0x000000076beef7c8) thrown at [C:\jenkins\workspace\8-2-build-windows-amd64-cygwin\jdk8u321\2141\hotspot\src\share\vm\prims\jvm.cpp, line 1523]
Event: 0.213 Thread 0x000001653d386000 Exception <a 'java/security/PrivilegedActionException'> (0x000000076beefbc0) thrown at [C:\jenkins\workspace\8-2-build-windows-amd64-cygwin\jdk8u321\2141\hotspot\src\share\vm\prims\jvm.cpp, line 1523]
Event: 0.214 Thread 0x000001653d386000 Exception <a 'java/security/PrivilegedActionException'> (0x000000076bef3d90) thrown at [C:\jenkins\workspace\8-2-build-windows-amd64-cygwin\jdk8u321\2141\hotspot\src\share\vm\prims\jvm.cpp, line 1523]
Event: 0.214 Thread 0x000001653d386000 Exception <a 'java/security/PrivilegedActionException'> (0x000000076bef4188) thrown at [C:\jenkins\workspace\8-2-build-windows-amd64-cygwin\jdk8u321\2141\hotspot\src\share\vm\prims\jvm.cpp, line 1523]

Events (10 events):
Event: 6.386 loading class sun/misc/Signal$1
Event: 6.386 loading class sun/misc/Signal$1 done
Event: 6.386 Thread 0x000001655a92e000 Thread added: 0x000001655a92e000
Event: 6.386 loading class java/lang/Shutdown
Event: 6.386 loading class java/lang/Shutdown done
Event: 6.387 loading class java/lang/Shutdown$Lock
Event: 6.387 loading class java/lang/Shutdown$Lock done
Event: 6.389 Thread 0x000001655a914000 Thread exited: 0x000001655a914000
Event: 6.398 Thread 0x000001655a915000 Thread exited: 0x000001655a915000
Event: 6.670 Executing VM operation: Exit


Dynamic libraries:
0x00007ff7548c0000 - 0x00007ff754907000 	C:\Program Files\Java\jdk1.8.0_321\bin\java.exe
0x00007ffbf8dd0000 - 0x00007ffbf8fc5000 	C:\WINDOWS\SYSTEM32\ntdll.dll
0x00007ffbf7670000 - 0x00007ffbf772e000 	C:\WINDOWS\System32\KERNEL32.DLL
0x00007ffbf6990000 - 0x00007ffbf6c58000 	C:\WINDOWS\System32\KERNELBASE.dll
0x00007ffbf86d0000 - 0x00007ffbf877e000 	C:\WINDOWS\System32\ADVAPI32.dll
0x00007ffbf74a0000 - 0x00007ffbf753e000 	C:\WINDOWS\System32\msvcrt.dll
0x00007ffbf8450000 - 0x00007ffbf84ec000 	C:\WINDOWS\System32\sechost.dll
0x00007ffbf88d0000 - 0x00007ffbf89f5000 	C:\WINDOWS\System32\RPCRT4.dll
0x00007ffbf7730000 - 0x00007ffbf78d0000 	C:\WINDOWS\System32\USER32.dll
0x00007ffbf68d0000 - 0x00007ffbf68f2000 	C:\WINDOWS\System32\win32u.dll
0x00007ffbf86a0000 - 0x00007ffbf86cb000 	C:\WINDOWS\System32\GDI32.dll
0x00007ffbf6cd0000 - 0x00007ffbf6ddb000 	C:\WINDOWS\System32\gdi32full.dll
0x00007ffbf6520000 - 0x00007ffbf65bd000 	C:\WINDOWS\System32\msvcp_win.dll
0x00007ffbf65c0000 - 0x00007ffbf66c0000 	C:\WINDOWS\System32\ucrtbase.dll
0x00007ffbd0220000 - 0x00007ffbd04ba000 	C:\WINDOWS\WinSxS\amd64_microsoft.windows.common-controls_6595b64144ccf1df_6.0.19041.1110_none_60b5254171f9507e\COMCTL32.dll
0x00007ffbf8d60000 - 0x00007ffbf8d90000 	C:\WINDOWS\System32\IMM32.DLL
0x00007ffbecd80000 - 0x00007ffbecd95000 	C:\Program Files\Java\jdk1.8.0_321\jre\bin\vcruntime140.dll
0x00007ffbc5be0000 - 0x00007ffbc5c7b000 	C:\Program Files\Java\jdk1.8.0_321\jre\bin\msvcp140.dll
0x0000000070d10000 - 0x0000000071571000 	C:\Program Files\Java\jdk1.8.0_321\jre\bin\server\jvm.dll
0x00007ffbf6e30000 - 0x00007ffbf6e38000 	C:\WINDOWS\System32\PSAPI.DLL
0x00007ffbd2580000 - 0x00007ffbd25a7000 	C:\WINDOWS\SYSTEM32\WINMM.dll
0x00007ffbe01d0000 - 0x00007ffbe01d9000 	C:\WINDOWS\SYSTEM32\WSOCK32.dll
0x00007ffbec660000 - 0x00007ffbec66a000 	C:\WINDOWS\SYSTEM32\VERSION.dll
0x00007ffbf8290000 - 0x00007ffbf82fb000 	C:\WINDOWS\System32\WS2_32.dll
0x00007ffbf4d90000 - 0x00007ffbf4da2000 	C:\WINDOWS\SYSTEM32\kernel.appcore.dll
0x00007ffbf1fc0000 - 0x00007ffbf1fd0000 	C:\Program Files\Java\jdk1.8.0_321\jre\bin\verify.dll
0x00007ffbeccb0000 - 0x00007ffbeccdb000 	C:\Program Files\Java\jdk1.8.0_321\jre\bin\java.dll
0x00007ffbebf80000 - 0x00007ffbebfb0000 	C:\Program Files\Java\jdk1.8.0_321\jre\bin\instrument.dll
0x00007ffbb9760000 - 0x00007ffbb97ef000 	C:\Users\guoyan\AppData\Local\Temp\libasyncProfiler.dll
0x00007ffbf7540000 - 0x00007ffbf766a000 	C:\WINDOWS\System32\ole32.dll
0x00007ffbf8a00000 - 0x00007ffbf8d54000 	C:\WINDOWS\System32\combase.dll
0x00007ffbf8800000 - 0x00007ffbf88cd000 	C:\WINDOWS\System32\OLEAUT32.dll
0x00007ffbf8780000 - 0x00007ffbf87d5000 	C:\WINDOWS\System32\SHLWAPI.dll
0x00007ffbecd60000 - 0x00007ffbecd78000 	C:\Program Files\Java\jdk1.8.0_321\jre\bin\zip.dll
0x00007ffbf7ae0000 - 0x00007ffbf8224000 	C:\WINDOWS\System32\SHELL32.dll
0x00007ffbf44f0000 - 0x00007ffbf4c84000 	C:\WINDOWS\SYSTEM32\windows.storage.dll
0x00007ffbf5f50000 - 0x00007ffbf5f7c000 	C:\WINDOWS\SYSTEM32\Wldp.dll
0x00007ffbf8300000 - 0x00007ffbf83ad000 	C:\WINDOWS\System32\SHCORE.dll
0x00007ffbf6430000 - 0x00007ffbf644f000 	C:\WINDOWS\SYSTEM32\profapi.dll
0x00007ffbe0030000 - 0x00007ffbe004a000 	E:\IntelliJ IDEA 2021.3.2\bin\breakgen64.dll
0x00007ffbecc90000 - 0x00007ffbeccac000 	C:\Program Files\Java\jdk1.8.0_321\jre\bin\net.dll
0x00007ffbf5cb0000 - 0x00007ffbf5d1a000 	C:\WINDOWS\system32\mswsock.dll
0x00007ffbaf390000 - 0x00007ffbaf503000 	C:\Users\guoyan\AppData\Local\Temp\idea_msdia140_dll_temp_folder\msdia140.dll
0x00007ffbf5ea0000 - 0x00007ffbf5eb8000 	C:\WINDOWS\SYSTEM32\CRYPTSP.dll
0x00007ffbf55c0000 - 0x00007ffbf55f4000 	C:\WINDOWS\system32\rsaenh.dll
0x00007ffbf64f0000 - 0x00007ffbf6517000 	C:\WINDOWS\System32\bcrypt.dll
0x00007ffbf5ec0000 - 0x00007ffbf5ecc000 	C:\WINDOWS\SYSTEM32\CRYPTBASE.dll
0x00007ffbf6900000 - 0x00007ffbf6982000 	C:\WINDOWS\System32\bcryptPrimitives.dll
0x00007ffbf4300000 - 0x00007ffbf44e4000 	C:\WINDOWS\SYSTEM32\dbghelp.dll

VM Arguments:
jvm_args: -javaagent:E:\IntelliJ IDEA 2021.3.2\lib\idea_rt.jar=63489:E:\IntelliJ IDEA 2021.3.2\bin -agentpath:C:\Users\guoyan\AppData\Local\Temp\libasyncProfiler.dll=start,jfr,libdia=C:\Users\guoyan\AppData\Local\Temp\idea_msdia140_dll_temp_folder\msdia140.dll,interval=1ms,file=C:\Users\guoyan\MainClass_2022_04_23_000501.jfr -Dfile.encoding=UTF-8 
java_command: MainClass
java_class_path (initial): C:\Program Files\Java\jdk1.8.0_321\jre\lib\charsets.jar;C:\Program Files\Java\jdk1.8.0_321\jre\lib\deploy.jar;C:\Program Files\Java\jdk1.8.0_321\jre\lib\ext\access-bridge-64.jar;C:\Program Files\Java\jdk1.8.0_321\jre\lib\ext\cldrdata.jar;C:\Program Files\Java\jdk1.8.0_321\jre\lib\ext\dnsns.jar;C:\Program Files\Java\jdk1.8.0_321\jre\lib\ext\jaccess.jar;C:\Program Files\Java\jdk1.8.0_321\jre\lib\ext\jfxrt.jar;C:\Program Files\Java\jdk1.8.0_321\jre\lib\ext\localedata.jar;C:\Program Files\Java\jdk1.8.0_321\jre\lib\ext\nashorn.jar;C:\Program Files\Java\jdk1.8.0_321\jre\lib\ext\sunec.jar;C:\Program Files\Java\jdk1.8.0_321\jre\lib\ext\sunjce_provider.jar;C:\Program Files\Java\jdk1.8.0_321\jre\lib\ext\sunmscapi.jar;C:\Program Files\Java\jdk1.8.0_321\jre\lib\ext\sunpkcs11.jar;C:\Program Files\Java\jdk1.8.0_321\jre\lib\ext\zipfs.jar;C:\Program Files\Java\jdk1.8.0_321\jre\lib\javaws.jar;C:\Program Files\Java\jdk1.8.0_321\jre\lib\jce.jar;C:\Program Files\Java\jdk1.8.0_321\jre\lib\jfr.jar;C:\Program Files\Java\jdk1.8.0_321\jre\lib\jfxswt.jar;C:\Program Files\Java\jdk1.8.0_321\jre\lib\jsse.jar;C:\Program Files\Java\jdk1.8.0_321\jre\lib\management-agent.jar;C:\Program Files\Java\jdk1.8.0_321\jre\lib\plugin.jar;C:\Program Files\Java\jdk1.8.0_321\jre\lib\resources.jar;C:\Program Files\Java\jdk1.8.0_321\jre\lib\rt.jar;F:\RyanKuo\Study_At_School\Homework\ObjectOriented\homework2_3\out\production\homework2_3;F:\RyanKuo\Study_At_School\Homework\ObjectOriented\Unit2\面向对象第二单元第三次作业官方包\elevator-input-3.jar;F:\RyanKuo\Study_At_School\Homework\ObjectOriented\Unit2\面向对象第二单元第三次作业官方包\timable-output.jar;E:\IntelliJ IDEA 2021.3.2\lib\idea_rt.jar
Launcher Type: SUN_STANDARD

Environment Variables:
JAVA_HOME=C:\Program Files\Java\jdk1.8.0_321
CLASSPATH=.;C:\Program Files\Java\jdk1.8.0_321\lib;C:\Program Files\Java\jdk1.8.0_321\lib\dt.jar;C:\Program Files\Java\jdk1.8.0_321\lib\tools.jar;
PATH=C:\Program Files\PlasticSCM5\server;C:\Program Files\PlasticSCM5\client;C:\Program Files\Java\jdk1.8.0_321\bin;C:\Program Files\Java\jdk1.8.0_321\jre\bin;C:\Program Files (x86)\Common Files\Oracle\Java\javapath;C:\Program Files (x86)\VMware\VMware Player\bin\;C:\Program Files (x86)\Common Files\Intel\Shared Libraries\redist\intel64\compiler;C:\windows\system32;C:\windows;C:\windows\System32\Wbem;C:\windows\System32\WindowsPowerShell\v1.0\;C:\windows\System32\OpenSSH\;C:\Program Files (x86)\NVIDIA Corporation\PhysX\Common;C:\Program Files\NVIDIA Corporation\NVIDIA NvDLISR;C:\Program Files\Microsoft SQL Server\Client SDK\ODBC\110\Tools\Binn\;C:\Program Files (x86)\Microsoft SQL Server\120\Tools\Binn\;C:\Program Files\Microsoft SQL Server\120\Tools\Binn\;C:\Program Files\Microsoft SQL Server\120\DTS\Binn\;C:\Program Files (x86)\Windows Kits\8.1\Windows Performance Toolkit\;C:\WINDOWS\system32;C:\WINDOWS;C:\WINDOWS\System32\Wbem;C:\WINDOWS\System32\WindowsPowerShell\v1.0\;C:\WINDOWS\System32\OpenSSH\;D:\runtime\win64;D:\bin;D:\polyspace\bin;E:\Git\cmd;C:\Program Files (x86)\GtkSharp\2.12\bin;C:\Users\guoyan\AppData\Local\Microsoft\WindowsApps;C:\Users\guoyan\AppData\Local\atom\bin;D:\mingw64\bin;C:\Users\guoyan\AppData\Local\Microsoft\WindowsApps;D:\mingw64\bin;C:\Users\guoyan\.dotnet\tools;;E:\IntelliJ IDEA 2021.3.2\bin;;E:\PyCharm 2021.3.2\bin;
USERNAME=guoyan
OS=Windows_NT
PROCESSOR_IDENTIFIER=Intel64 Family 6 Model 126 Stepping 5, GenuineIntel



---------------  S Y S T E M  ---------------

OS: Windows 10 , 64 bit Build 19041 (10.0.19041.1566)

CPU:total 8 (initial active 8) (4 cores per cpu, 2 threads per core) family 6 model 126 stepping 5, cmov, cx8, fxsr, mmx, sse, sse2, sse3, ssse3, sse4.1, sse4.2, popcnt, avx, avx2, aes, clmul, erms, 3dnowpref, lzcnt, ht, tsc, tscinvbit, bmi1, bmi2, adx

Memory: 4k page, physical 16553776k(4364904k free), swap 31758128k(7220968k free)

vm_info: Java HotSpot(TM) 64-Bit Server VM (25.321-b07) for windows-amd64 JRE (1.8.0_321-b07), built on Dec 15 2021 11:19:20 by "java_re" with MS VC++ 15.9 (VS2017)

time: Sat Apr 23 00:05:09 2022
timezone: 中国标准时间
elapsed time: 7.182640 seconds (0d 0h 0m 7s)

