#
# A fatal error has been detected by the Java Runtime Environment:
#
#  EXCEPTION_ACCESS_VIOLATION (0xc0000005) at pc=0x00007ffbb982baf6, pid=27720, tid=0x0000000000004608
#
# JRE version: Java(TM) SE Runtime Environment (8.0_321-b07) (build 1.8.0_321-b07)
# Java VM: Java HotSpot(TM) 64-Bit Server VM (25.321-b07 mixed mode windows-amd64 compressed oops)
# Problematic frame:
# C  [msdia140.dll+0x10baf6]
#
# Failed to write core dump. Minidumps are not enabled by default on client versions of Windows
#
# If you would like to submit a bug report, please visit:
#   http://bugreport.java.com/bugreport/crash.jsp
#

---------------  T H R E A D  ---------------

Current thread (0x00000138ffde2000):  VMThread [stack: 0x0000001044a00000,0x0000001044b00000] [id=17928]

siginfo: ExceptionCode=0xc0000005, reading address 0xffffffffffffffff

Registers:
RAX=0x0000013890cdc800, RBX=0x00007ffbb9869658, RCX=0x0000013890cd2b60, RDX=0x0000000000000001
RSP=0x0000001044aff2c0, RBP=0x0000001044aff6d0, RSI=0x00007ffbb982bab0, RDI=0x00000000000000d2
R8 =0x00000138f36c1380, R9 =0x0000000000000001, R10=0x0000000000008000, R11=0x0000001044aff1e0
R12=0x0000013890cd42e0, R13=0x0000000000000040, R14=0x0000013890cd45e8, R15=0x0000001044aff380
RIP=0x00007ffbb982baf6, EFLAGS=0x0000000000010206

Top of Stack: (sp=0x0000001044aff2c0)
0x0000001044aff2c0:   0000000000000000 0000000000000000
0x0000001044aff2d0:   0000000000000000 0000000000000000
0x0000001044aff2e0:   0000013890cd42e0 00007ffbb97d4a9b
0x0000001044aff2f0:   0000013890cd4350 0000000000000000
0x0000001044aff300:   0000000000000000 0000000000000000
0x0000001044aff310:   0000013890cd4350 0000013890cd42e0
0x0000001044aff320:   0000013890cd42e0 0000013890cd45e8
0x0000001044aff330:   0000000000000001 0000000000000000
0x0000001044aff340:   00000138ffa80b00 00007ffbb97bca88
0x0000001044aff350:   0000cee278cc981c 00007ffbb97d4d41
0x0000001044aff360:   0000000000000000 0000000000000001
0x0000001044aff370:   00000138ffa80b00 0000001044aff3b0
0x0000001044aff380:   0000001044aff3a0 00007ffbf5ea0000
0x0000001044aff390:   00000138ffa80b00 00007ffbb97d3fc0
0x0000001044aff3a0:   00007ffbb986b988 00007ffbf8df47b1
0x0000001044aff3b0:   0000013800000002 0000013800000002 

Instructions: (pc=0x00007ffbb982baf6)
0x00007ffbb982bad6:   5b e0 48 ff cf 48 85 c0 74 18 83 40 08 ff 75 12
0x00007ffbb982bae6:   48 8b 0b 48 85 c9 74 0a 48 8b 01 ba 01 00 00 00
0x00007ffbb982baf6:   ff 10 48 85 ff 75 d3 48 8b 5c 24 30 48 83 c4 20
0x00007ffbb982bb06:   5f c3 cc cc cc cc cc cc cc cc 48 8b 0d f1 dc 03 


Register to memory mapping:

RAX=0x0000013890cdc800 is an unknown value
RBX=0x00007ffbb9869658 is an unknown value
RCX=0x0000013890cd2b60 is an unknown value
RDX=0x0000000000000001 is an unknown value
RSP=0x0000001044aff2c0 is an unknown value
RBP=0x0000001044aff6d0 is an unknown value
RSI=0x00007ffbb982bab0 is an unknown value
RDI=0x00000000000000d2 is an unknown value
R8 =0x00000138f36c1380 is an unknown value
R9 =0x0000000000000001 is an unknown value
R10=0x0000000000008000 is an unknown value
R11=0x0000001044aff1e0 is an unknown value
R12=0x0000013890cd42e0 is an unknown value
R13=0x0000000000000040 is an unknown value
R14=0x0000013890cd45e8 is an unknown value
R15=0x0000001044aff380 is an unknown value


Stack: [0x0000001044a00000,0x0000001044b00000],  sp=0x0000001044aff2c0,  free space=1020k
Native frames: (J=compiled Java code, j=interpreted, Vv=VM code, C=native code)
C  [msdia140.dll+0x10baf6]
C  [msdia140.dll+0xb4a9b]
C  [msdia140.dll+0xb4d41]
C  [msdia140.dll+0xb3fc0]
C  [msdia140.dll+0x9cefb]
C  [msdia140.dll+0x9c916]
C  [msdia140.dll+0x9ca3c]
C  [ntdll.dll+0x19a1d]
C  [ntdll.dll+0x5db91]
C  [ntdll.dll+0x5da2d]
C  [KERNEL32.DLL+0x1e0ab]
C  [ucrtbase.dll+0x205bc]
C  [ucrtbase.dll+0x2045f]
V  [jvm.dll+0x20b125]
V  [jvm.dll+0x245fa6]
V  [jvm.dll+0x246507]
V  [jvm.dll+0x244c55]
V  [jvm.dll+0x2453ec]
V  [jvm.dll+0x2456fc]
V  [jvm.dll+0x292edc]
C  [ucrtbase.dll+0x21bb2]
C  [KERNEL32.DLL+0x17034]
C  [ntdll.dll+0x52651]

VM_Operation (0x00000010463fee30): Exit, mode: safepoint, requested by thread 0x000001389107c800


---------------  P R O C E S S  ---------------

Java Threads: ( => current thread )
  0x000001389107c800 JavaThread "SIGINT handler" daemon [_thread_blocked, id=27016, stack(0x0000001046300000,0x0000001046400000)]
  0x0000013891082800 JavaThread "Thread-12" [_thread_blocked, id=27216, stack(0x0000001046200000,0x0000001046300000)]
  0x000001389107f000 JavaThread "Thread-11" [_thread_blocked, id=18896, stack(0x0000001046100000,0x0000001046200000)]
  0x000001389107d800 JavaThread "Thread-10" [_thread_blocked, id=21248, stack(0x0000001046000000,0x0000001046100000)]
  0x0000013891025800 JavaThread "Timer-0" [_thread_blocked, id=20256, stack(0x0000001045f00000,0x0000001046000000)]
  0x0000013890ebe800 JavaThread "Thread-8" [_thread_in_native, id=23180, stack(0x0000001045e00000,0x0000001045f00000)]
  0x00000138f3557800 JavaThread "DestroyJavaVM" [_thread_blocked, id=14808, stack(0x0000001044100000,0x0000001044200000)]
  0x000001389100c000 JavaThread "Thread-7" [_thread_blocked, id=21040, stack(0x0000001045d00000,0x0000001045e00000)]
  0x0000013890ebb000 JavaThread "Thread-6" [_thread_blocked, id=6132, stack(0x0000001045c00000,0x0000001045d00000)]
  0x0000013890eba000 JavaThread "Thread-5" [_thread_blocked, id=23580, stack(0x0000001045b00000,0x0000001045c00000)]
  0x0000013890ffa000 JavaThread "Thread-4" [_thread_blocked, id=24056, stack(0x0000001045a00000,0x0000001045b00000)]
  0x0000013890ff1000 JavaThread "Thread-3" [_thread_blocked, id=25656, stack(0x0000001045900000,0x0000001045a00000)]
  0x0000013890fe2800 JavaThread "Thread-2" [_thread_blocked, id=21180, stack(0x0000001045800000,0x0000001045900000)]
  0x0000013890d95000 JavaThread "Service Thread" daemon [_thread_blocked, id=14940, stack(0x0000001045600000,0x0000001045700000)]
  0x0000013890ce7000 JavaThread "C1 CompilerThread3" daemon [_thread_blocked, id=14144, stack(0x0000001045500000,0x0000001045600000)]
  0x0000013890ce6000 JavaThread "C2 CompilerThread2" daemon [_thread_blocked, id=28380, stack(0x0000001045400000,0x0000001045500000)]
  0x0000013890ce3800 JavaThread "C2 CompilerThread1" daemon [_thread_blocked, id=28512, stack(0x0000001045300000,0x0000001045400000)]
  0x0000013890ce2800 JavaThread "C2 CompilerThread0" daemon [_thread_blocked, id=27080, stack(0x0000001045200000,0x0000001045300000)]
  0x0000013890b17000 JavaThread "Monitor Ctrl-Break" daemon [_thread_in_native, id=6556, stack(0x0000001044f00000,0x0000001045000000)]
  0x0000013890acc000 JavaThread "Attach Listener" daemon [_thread_blocked, id=11460, stack(0x0000001044e00000,0x0000001044f00000)]
  0x00000138ffe85800 JavaThread "Signal Dispatcher" daemon [_thread_blocked, id=15508, stack(0x0000001044d00000,0x0000001044e00000)]
  0x00000138f35ee000 JavaThread "Finalizer" daemon [_thread_blocked, id=25504, stack(0x0000001044c00000,0x0000001044d00000)]
  0x00000138f35ec000 JavaThread "Reference Handler" daemon [_thread_blocked, id=26816, stack(0x0000001044b00000,0x0000001044c00000)]

Other Threads:
=>0x00000138ffde2000 VMThread [stack: 0x0000001044a00000,0x0000001044b00000] [id=17928]

VM state:at safepoint (shutting down)

VM Mutex/Monitor currently owned by a thread:  ([mutex/lock_event])
[0x00000138f35549d0] Threads_lock - owner thread: 0x00000138ffde2000

heap address: 0x00000006c3600000, size: 4042 MB, Compressed Oops mode: Zero based, Oop shift amount: 3
Narrow klass base: 0x0000000000000000, Narrow klass shift: 3
Compressed class space size: 1073741824 Address: 0x00000007c0000000

Heap:
 PSYoungGen      total 75776K, used 23417K [0x000000076bd00000, 0x0000000771180000, 0x00000007c0000000)
  eden space 65024K, 36% used [0x000000076bd00000,0x000000076d3de550,0x000000076fc80000)
  from space 10752K, 0% used [0x0000000770700000,0x0000000770700000,0x0000000771180000)
  to   space 10752K, 0% used [0x000000076fc80000,0x000000076fc80000,0x0000000770700000)
 ParOldGen       total 173568K, used 0K [0x00000006c3600000, 0x00000006cdf80000, 0x000000076bd00000)
  object space 173568K, 0% used [0x00000006c3600000,0x00000006c3600000,0x00000006cdf80000)
 Metaspace       used 4609K, capacity 4778K, committed 4992K, reserved 1056768K
  class space    used 507K, capacity 530K, committed 640K, reserved 1048576K

Card table byte_map: [0x00000138f5e30000,0x00000138f6620000] byte_map_base: 0x00000138f2815000

Marking Bits: (ParMarkBitMap*) 0x00000000714f9030
 Begin Bits: [0x00000138f6b70000, 0x00000138faa98000)
 End Bits:   [0x00000138faa98000, 0x00000138fe9c0000)

Polling page: 0x00000138f3780000

CodeCache: size=245760Kb used=1533Kb max_used=1533Kb free=244226Kb
 bounds [0x0000013880000000, 0x0000013880270000, 0x000001388f000000]
 total_blobs=494 nmethods=208 adapters=199
 compilation: enabled

Compilation events (10 events):
Event: 7.129 Thread 0x0000013890ce7000  204       3       java.util.regex.Pattern$BranchConn::match (11 bytes)
Event: 7.129 Thread 0x0000013890ce7000 nmethod 204 0x000001388017c650 code [0x000001388017c7c0, 0x000001388017c9f0]
Event: 7.435 Thread 0x0000013890ce7000  205       3       java.util.regex.Pattern$5::isSatisfiedBy (28 bytes)
Event: 7.436 Thread 0x0000013890ce7000 nmethod 205 0x000001388017cb10 code [0x000001388017cca0, 0x000001388017d040]
Event: 7.530 Thread 0x0000013890ce7000  206       3       java.util.ArrayList::isEmpty (13 bytes)
Event: 7.531 Thread 0x0000013890ce7000 nmethod 206 0x000001388017d210 code [0x000001388017d360, 0x000001388017d518]
Event: 15.935 Thread 0x0000013890ce7000  208       3       java.nio.Buffer::<init> (121 bytes)
Event: 15.936 Thread 0x0000013890ce7000 nmethod 208 0x000001388017d610 code [0x000001388017d8e0, 0x000001388017ed90]
Event: 15.936 Thread 0x0000013890ce7000  207       3       java.nio.CharBuffer::<init> (22 bytes)
Event: 15.936 Thread 0x0000013890ce7000 nmethod 207 0x000001388017f790 code [0x000001388017f900, 0x000001388017fad0]

GC Heap History (0 events):
No events

Deoptimization events (0 events):
No events

Classes redefined (0 events):
No events

Internal exceptions (9 events):
Event: 0.040 Thread 0x00000138f3557800 Exception <a 'java/lang/NoSuchMethodError': Method sun.misc.Unsafe.defineClass(Ljava/lang/String;[BII)Ljava/lang/Class; name or signature does not match> (0x000000076bd07cc0) thrown at [C:\jenkins\workspace\8-2-build-windows-amd64-cygwin\jdk8u321\2141\hot
Event: 0.040 Thread 0x00000138f3557800 Exception <a 'java/lang/NoSuchMethodError': Method sun.misc.Unsafe.prefetchRead(Ljava/lang/Object;J)V name or signature does not match> (0x000000076bd07fa8) thrown at [C:\jenkins\workspace\8-2-build-windows-amd64-cygwin\jdk8u321\2141\hotspot\src\share\vm\
Event: 0.190 Thread 0x00000138f3557800 Exception <a 'java/lang/NoClassDefFoundError': jdk/internal/loader/NativeLibraries> (0x000000076be5d638) thrown at [C:\jenkins\workspace\8-2-build-windows-amd64-cygwin\jdk8u321\2141\hotspot\src\share\vm\classfile\systemDictionary.cpp, line 201]
Event: 0.190 Thread 0x00000138f3557800 Exception <a 'java/lang/NoSuchMethodError': load0> (0x000000076be5da98) thrown at [C:\jenkins\workspace\8-2-build-windows-amd64-cygwin\jdk8u321\2141\hotspot\src\share\vm\prims\jni.cpp, line 1615]
Event: 0.192 Thread 0x00000138f3557800 Exception <a 'java/lang/NoClassDefFoundError': jdk/internal/vm/VMSupport> (0x000000076be60480) thrown at [C:\jenkins\workspace\8-2-build-windows-amd64-cygwin\jdk8u321\2141\hotspot\src\share\vm\classfile\systemDictionary.cpp, line 201]
Event: 0.280 Thread 0x00000138f3557800 Exception <a 'java/security/PrivilegedActionException'> (0x000000076beefb50) thrown at [C:\jenkins\workspace\8-2-build-windows-amd64-cygwin\jdk8u321\2141\hotspot\src\share\vm\prims\jvm.cpp, line 1523]
Event: 0.280 Thread 0x00000138f3557800 Exception <a 'java/security/PrivilegedActionException'> (0x000000076beeff48) thrown at [C:\jenkins\workspace\8-2-build-windows-amd64-cygwin\jdk8u321\2141\hotspot\src\share\vm\prims\jvm.cpp, line 1523]
Event: 0.282 Thread 0x00000138f3557800 Exception <a 'java/security/PrivilegedActionException'> (0x000000076bef4040) thrown at [C:\jenkins\workspace\8-2-build-windows-amd64-cygwin\jdk8u321\2141\hotspot\src\share\vm\prims\jvm.cpp, line 1523]
Event: 0.282 Thread 0x00000138f3557800 Exception <a 'java/security/PrivilegedActionException'> (0x000000076bef4438) thrown at [C:\jenkins\workspace\8-2-build-windows-amd64-cygwin\jdk8u321\2141\hotspot\src\share\vm\prims\jvm.cpp, line 1523]

Events (10 events):
Event: 15.926 loading class sun/misc/Signal$1
Event: 15.927 loading class sun/misc/Signal$1 done
Event: 15.927 Thread 0x000001389107c800 Thread added: 0x000001389107c800
Event: 15.927 loading class java/lang/Shutdown
Event: 15.927 loading class java/lang/Shutdown done
Event: 15.927 loading class java/lang/Shutdown$Lock
Event: 15.927 loading class java/lang/Shutdown$Lock done
Event: 15.929 Thread 0x0000013890cdf800 Thread exited: 0x0000013890cdf800
Event: 15.935 Thread 0x0000013890cdc800 Thread exited: 0x0000013890cdc800
Event: 16.207 Executing VM operation: Exit


Dynamic libraries:
0x00007ff7548c0000 - 0x00007ff754907000 	C:\Program Files\Java\jdk1.8.0_321\bin\java.exe
0x00007ffbf8dd0000 - 0x00007ffbf8fc5000 	C:\WINDOWS\SYSTEM32\ntdll.dll
0x00007ffbf7670000 - 0x00007ffbf772e000 	C:\WINDOWS\System32\KERNEL32.DLL
0x00007ffbf6990000 - 0x00007ffbf6c58000 	C:\WINDOWS\System32\KERNELBASE.dll
0x00007ffbf86d0000 - 0x00007ffbf877e000 	C:\WINDOWS\System32\ADVAPI32.dll
0x00007ffbf74a0000 - 0x00007ffbf753e000 	C:\WINDOWS\System32\msvcrt.dll
0x00007ffbf8450000 - 0x00007ffbf84ec000 	C:\WINDOWS\System32\sechost.dll
0x00007ffbf88d0000 - 0x00007ffbf89f5000 	C:\WINDOWS\System32\RPCRT4.dll
0x00007ffbf7730000 - 0x00007ffbf78d0000 	C:\WINDOWS\System32\USER32.dll
0x00007ffbf68d0000 - 0x00007ffbf68f2000 	C:\WINDOWS\System32\win32u.dll
0x00007ffbf86a0000 - 0x00007ffbf86cb000 	C:\WINDOWS\System32\GDI32.dll
0x00007ffbf6cd0000 - 0x00007ffbf6ddb000 	C:\WINDOWS\System32\gdi32full.dll
0x00007ffbf6520000 - 0x00007ffbf65bd000 	C:\WINDOWS\System32\msvcp_win.dll
0x00007ffbf65c0000 - 0x00007ffbf66c0000 	C:\WINDOWS\System32\ucrtbase.dll
0x00007ffbd0220000 - 0x00007ffbd04ba000 	C:\WINDOWS\WinSxS\amd64_microsoft.windows.common-controls_6595b64144ccf1df_6.0.19041.1110_none_60b5254171f9507e\COMCTL32.dll
0x00007ffbf8d60000 - 0x00007ffbf8d90000 	C:\WINDOWS\System32\IMM32.DLL
0x00007ffbecd80000 - 0x00007ffbecd95000 	C:\Program Files\Java\jdk1.8.0_321\jre\bin\vcruntime140.dll
0x00007ffbc5be0000 - 0x00007ffbc5c7b000 	C:\Program Files\Java\jdk1.8.0_321\jre\bin\msvcp140.dll
0x0000000070d10000 - 0x0000000071571000 	C:\Program Files\Java\jdk1.8.0_321\jre\bin\server\jvm.dll
0x00007ffbf6e30000 - 0x00007ffbf6e38000 	C:\WINDOWS\System32\PSAPI.DLL
0x00007ffbec660000 - 0x00007ffbec66a000 	C:\WINDOWS\SYSTEM32\VERSION.dll
0x00007ffbe01d0000 - 0x00007ffbe01d9000 	C:\WINDOWS\SYSTEM32\WSOCK32.dll
0x00007ffbd2580000 - 0x00007ffbd25a7000 	C:\WINDOWS\SYSTEM32\WINMM.dll
0x00007ffbf8290000 - 0x00007ffbf82fb000 	C:\WINDOWS\System32\WS2_32.dll
0x00007ffbf4d90000 - 0x00007ffbf4da2000 	C:\WINDOWS\SYSTEM32\kernel.appcore.dll
0x00007ffbf1fc0000 - 0x00007ffbf1fd0000 	C:\Program Files\Java\jdk1.8.0_321\jre\bin\verify.dll
0x00007ffbeccb0000 - 0x00007ffbeccdb000 	C:\Program Files\Java\jdk1.8.0_321\jre\bin\java.dll
0x00007ffbebfa0000 - 0x00007ffbebfd0000 	C:\Program Files\Java\jdk1.8.0_321\jre\bin\instrument.dll
0x00007ffbbba20000 - 0x00007ffbbbaaf000 	C:\Users\guoyan\AppData\Local\Temp\libasyncProfiler.dll
0x00007ffbf7540000 - 0x00007ffbf766a000 	C:\WINDOWS\System32\ole32.dll
0x00007ffbf8a00000 - 0x00007ffbf8d54000 	C:\WINDOWS\System32\combase.dll
0x00007ffbf8800000 - 0x00007ffbf88cd000 	C:\WINDOWS\System32\OLEAUT32.dll
0x00007ffbf8780000 - 0x00007ffbf87d5000 	C:\WINDOWS\System32\SHLWAPI.dll
0x00007ffbecd60000 - 0x00007ffbecd78000 	C:\Program Files\Java\jdk1.8.0_321\jre\bin\zip.dll
0x00007ffbf7ae0000 - 0x00007ffbf8224000 	C:\WINDOWS\System32\SHELL32.dll
0x00007ffbf44f0000 - 0x00007ffbf4c84000 	C:\WINDOWS\SYSTEM32\windows.storage.dll
0x00007ffbf5f50000 - 0x00007ffbf5f7c000 	C:\WINDOWS\SYSTEM32\Wldp.dll
0x00007ffbf8300000 - 0x00007ffbf83ad000 	C:\WINDOWS\System32\SHCORE.dll
0x00007ffbf6430000 - 0x00007ffbf644f000 	C:\WINDOWS\SYSTEM32\profapi.dll
0x00007ffbecba0000 - 0x00007ffbecbba000 	E:\IntelliJ IDEA 2021.3.2\bin\breakgen64.dll
0x00007ffbecc90000 - 0x00007ffbeccac000 	C:\Program Files\Java\jdk1.8.0_321\jre\bin\net.dll
0x00007ffbf5cb0000 - 0x00007ffbf5d1a000 	C:\WINDOWS\system32\mswsock.dll
0x00007ffbb9720000 - 0x00007ffbb9893000 	C:\Users\guoyan\AppData\Local\Temp\idea_msdia140_dll_temp_folder\msdia140.dll
0x00007ffbf5ea0000 - 0x00007ffbf5eb8000 	C:\WINDOWS\SYSTEM32\CRYPTSP.dll
0x00007ffbf55c0000 - 0x00007ffbf55f4000 	C:\WINDOWS\system32\rsaenh.dll
0x00007ffbf64f0000 - 0x00007ffbf6517000 	C:\WINDOWS\System32\bcrypt.dll
0x00007ffbf5ec0000 - 0x00007ffbf5ecc000 	C:\WINDOWS\SYSTEM32\CRYPTBASE.dll
0x00007ffbf6900000 - 0x00007ffbf6982000 	C:\WINDOWS\System32\bcryptPrimitives.dll
0x00007ffbf4300000 - 0x00007ffbf44e4000 	C:\WINDOWS\SYSTEM32\dbghelp.dll

VM Arguments:
jvm_args: -javaagent:E:\IntelliJ IDEA 2021.3.2\lib\idea_rt.jar=63611:E:\IntelliJ IDEA 2021.3.2\bin -agentpath:C:\Users\guoyan\AppData\Local\Temp\libasyncProfiler.dll=start,jfr,libdia=C:\Users\guoyan\AppData\Local\Temp\idea_msdia140_dll_temp_folder\msdia140.dll,interval=1ms,file=C:\Users\guoyan\MainClass_2022_04_23_151034.jfr -Dfile.encoding=UTF-8 
java_command: MainClass
java_class_path (initial): C:\Program Files\Java\jdk1.8.0_321\jre\lib\charsets.jar;C:\Program Files\Java\jdk1.8.0_321\jre\lib\deploy.jar;C:\Program Files\Java\jdk1.8.0_321\jre\lib\ext\access-bridge-64.jar;C:\Program Files\Java\jdk1.8.0_321\jre\lib\ext\cldrdata.jar;C:\Program Files\Java\jdk1.8.0_321\jre\lib\ext\dnsns.jar;C:\Program Files\Java\jdk1.8.0_321\jre\lib\ext\jaccess.jar;C:\Program Files\Java\jdk1.8.0_321\jre\lib\ext\jfxrt.jar;C:\Program Files\Java\jdk1.8.0_321\jre\lib\ext\localedata.jar;C:\Program Files\Java\jdk1.8.0_321\jre\lib\ext\nashorn.jar;C:\Program Files\Java\jdk1.8.0_321\jre\lib\ext\sunec.jar;C:\Program Files\Java\jdk1.8.0_321\jre\lib\ext\sunjce_provider.jar;C:\Program Files\Java\jdk1.8.0_321\jre\lib\ext\sunmscapi.jar;C:\Program Files\Java\jdk1.8.0_321\jre\lib\ext\sunpkcs11.jar;C:\Program Files\Java\jdk1.8.0_321\jre\lib\ext\zipfs.jar;C:\Program Files\Java\jdk1.8.0_321\jre\lib\javaws.jar;C:\Program Files\Java\jdk1.8.0_321\jre\lib\jce.jar;C:\Program Files\Java\jdk1.8.0_321\jre\lib\jfr.jar;C:\Program Files\Java\jdk1.8.0_321\jre\lib\jfxswt.jar;C:\Program Files\Java\jdk1.8.0_321\jre\lib\jsse.jar;C:\Program Files\Java\jdk1.8.0_321\jre\lib\management-agent.jar;C:\Program Files\Java\jdk1.8.0_321\jre\lib\plugin.jar;C:\Program Files\Java\jdk1.8.0_321\jre\lib\resources.jar;C:\Program Files\Java\jdk1.8.0_321\jre\lib\rt.jar;F:\RyanKuo\Study_At_School\Homework\ObjectOriented\homework2_2\out\production\homework2_2;F:\RyanKuo\Study_At_School\Homework\ObjectOriented\Unit2\homework_6-master\homework_6-master\面向对象第二单元第二次作业官方包\elevator-input-2.jar;F:\RyanKuo\Study_At_School\Homework\ObjectOriented\Unit2\homework_6-master\homework_6-master\面向对象第二单元第二次作业官方包\timable-output.jar;E:\IntelliJ IDEA 2021.3.2\lib\idea_rt.jar
Launcher Type: SUN_STANDARD

Environment Variables:
JAVA_HOME=C:\Program Files\Java\jdk1.8.0_321
CLASSPATH=.;C:\Program Files\Java\jdk1.8.0_321\lib;C:\Program Files\Java\jdk1.8.0_321\lib\dt.jar;C:\Program Files\Java\jdk1.8.0_321\lib\tools.jar;
PATH=C:\Program Files\PlasticSCM5\server;C:\Program Files\PlasticSCM5\client;C:\Program Files\Java\jdk1.8.0_321\bin;C:\Program Files\Java\jdk1.8.0_321\jre\bin;C:\Program Files (x86)\Common Files\Oracle\Java\javapath;C:\Program Files (x86)\VMware\VMware Player\bin\;C:\Program Files (x86)\Common Files\Intel\Shared Libraries\redist\intel64\compiler;C:\windows\system32;C:\windows;C:\windows\System32\Wbem;C:\windows\System32\WindowsPowerShell\v1.0\;C:\windows\System32\OpenSSH\;C:\Program Files (x86)\NVIDIA Corporation\PhysX\Common;C:\Program Files\NVIDIA Corporation\NVIDIA NvDLISR;C:\Program Files\Microsoft SQL Server\Client SDK\ODBC\110\Tools\Binn\;C:\Program Files (x86)\Microsoft SQL Server\120\Tools\Binn\;C:\Program Files\Microsoft SQL Server\120\Tools\Binn\;C:\Program Files\Microsoft SQL Server\120\DTS\Binn\;C:\Program Files (x86)\Windows Kits\8.1\Windows Performance Toolkit\;C:\WINDOWS\system32;C:\WINDOWS;C:\WINDOWS\System32\Wbem;C:\WINDOWS\System32\WindowsPowerShell\v1.0\;C:\WINDOWS\System32\OpenSSH\;D:\runtime\win64;D:\bin;D:\polyspace\bin;E:\Git\cmd;C:\Program Files (x86)\GtkSharp\2.12\bin;C:\Users\guoyan\AppData\Local\Microsoft\WindowsApps;C:\Users\guoyan\AppData\Local\atom\bin;D:\mingw64\bin;C:\Users\guoyan\AppData\Local\Microsoft\WindowsApps;D:\mingw64\bin;C:\Users\guoyan\.dotnet\tools;;E:\IntelliJ IDEA 2021.3.2\bin;;E:\PyCharm 2021.3.2\bin;
USERNAME=guoyan
OS=Windows_NT
PROCESSOR_IDENTIFIER=Intel64 Family 6 Model 126 Stepping 5, GenuineIntel



---------------  S Y S T E M  ---------------

OS: Windows 10 , 64 bit Build 19041 (10.0.19041.1566)

CPU:total 8 (initial active 8) (4 cores per cpu, 2 threads per core) family 6 model 126 stepping 5, cmov, cx8, fxsr, mmx, sse, sse2, sse3, ssse3, sse4.1, sse4.2, popcnt, avx, avx2, aes, clmul, erms, 3dnowpref, lzcnt, ht, tsc, tscinvbit, bmi1, bmi2, adx

Memory: 4k page, physical 16553776k(4636752k free), swap 31758128k(5625396k free)

vm_info: Java HotSpot(TM) 64-Bit Server VM (25.321-b07) for windows-amd64 JRE (1.8.0_321-b07), built on Dec 15 2021 11:19:20 by "java_re" with MS VC++ 15.9 (VS2017)

time: Sat Apr 23 15:10:50 2022
timezone: 中国标准时间
elapsed time: 16.733379 seconds (0d 0h 0m 16s)

